May 13 04:05:38 INFO --- logging initialized ---
May 13 04:05:38 DDEBUG timer: config: 7 ms
May 13 04:05:38 DEBUG cachedir: /var/cache/dnf
May 13 04:05:39 DEBUG Loaded plugins: migrate
May 13 04:05:39 DEBUG DNF version: 1.1.6
May 13 04:05:39 DEBUG_2 Command: dnf -v makecache timer 
May 13 04:05:39 DEBUG_2 Installroot: /
May 13 04:05:39 DEBUG_2 Releasever: 22
May 13 04:05:39 DEBUG_2 Base command: makecache
May 13 04:05:39 DEBUG_2 Extra commands: [u'timer']
May 13 04:05:39 DEBUG Making cache files for all metadata files.
May 13 04:05:39 INFO Metadata cache refreshed recently.
May 13 04:05:39 DEBUG_2 Cleaning up.
May 13 05:05:58 INFO --- logging initialized ---
May 13 05:05:58 DDEBUG timer: config: 7 ms
May 13 05:05:58 DEBUG cachedir: /var/cache/dnf
May 13 05:05:59 DEBUG Loaded plugins: migrate
May 13 05:05:59 DEBUG DNF version: 1.1.6
May 13 05:05:59 DEBUG_2 Command: dnf -v makecache timer 
May 13 05:05:59 DEBUG_2 Installroot: /
May 13 05:05:59 DEBUG_2 Releasever: 22
May 13 05:05:59 DEBUG_2 Base command: makecache
May 13 05:05:59 DEBUG_2 Extra commands: [u'timer']
May 13 05:05:59 DEBUG Making cache files for all metadata files.
May 13 05:05:59 DEBUG fedora: will expire after 107590 seconds.
May 13 05:05:59 DEBUG updates: metadata will expire after 10740 seconds and will be refreshed now
May 13 05:05:59 DEBUG repo: using cache for: fedora
May 13 05:05:59 DEBUG not found deltainfo for: Fedora 22 - x86_64
May 13 05:05:59 DEBUG not found updateinfo for: Fedora 22 - x86_64
May 13 05:05:59 DEBUG reviving: 'updates' can be revived.
May 13 05:05:59 DEBUG_2 timer: sack setup: 808 ms
May 13 05:05:59 INFO Metadata cache created.
May 13 05:05:59 DEBUG_2 Cleaning up.
May 13 06:06:01 INFO --- logging initialized ---
May 13 06:06:01 DDEBUG timer: config: 7 ms
May 13 06:06:01 DEBUG cachedir: /var/cache/dnf
May 13 06:06:02 DEBUG Loaded plugins: migrate
May 13 06:06:02 DEBUG DNF version: 1.1.6
May 13 06:06:02 DEBUG_2 Command: dnf -v makecache timer 
May 13 06:06:02 DEBUG_2 Installroot: /
May 13 06:06:02 DEBUG_2 Releasever: 22
May 13 06:06:02 DEBUG_2 Base command: makecache
May 13 06:06:02 DEBUG_2 Extra commands: [u'timer']
May 13 06:06:02 DEBUG Making cache files for all metadata files.
May 13 06:06:02 INFO Metadata cache refreshed recently.
May 13 06:06:02 DEBUG_2 Cleaning up.
May 13 07:06:18 INFO --- logging initialized ---
May 13 07:06:18 DDEBUG timer: config: 8 ms
May 13 07:06:18 DEBUG cachedir: /var/cache/dnf
May 13 07:06:19 DEBUG Loaded plugins: migrate
May 13 07:06:19 DEBUG DNF version: 1.1.6
May 13 07:06:19 DEBUG_2 Command: dnf -v makecache timer 
May 13 07:06:19 DEBUG_2 Installroot: /
May 13 07:06:19 DEBUG_2 Releasever: 22
May 13 07:06:19 DEBUG_2 Base command: makecache
May 13 07:06:19 DEBUG_2 Extra commands: [u'timer']
May 13 07:06:19 DEBUG Making cache files for all metadata files.
May 13 07:06:19 INFO Metadata cache refreshed recently.
May 13 07:06:19 DEBUG_2 Cleaning up.
May 13 08:06:38 INFO --- logging initialized ---
May 13 08:06:38 DDEBUG timer: config: 7 ms
May 13 08:06:38 DEBUG cachedir: /var/cache/dnf
May 13 08:06:39 DEBUG Loaded plugins: migrate
May 13 08:06:39 DEBUG DNF version: 1.1.6
May 13 08:06:39 DEBUG_2 Command: dnf -v makecache timer 
May 13 08:06:39 DEBUG_2 Installroot: /
May 13 08:06:39 DEBUG_2 Releasever: 22
May 13 08:06:39 DEBUG_2 Base command: makecache
May 13 08:06:39 DEBUG_2 Extra commands: [u'timer']
May 13 08:06:39 DEBUG Making cache files for all metadata files.
May 13 08:06:39 DEBUG fedora: will expire after 96750 seconds.
May 13 08:06:39 DEBUG updates: metadata will expire after 10760 seconds and will be refreshed now
May 13 08:06:39 DEBUG repo: using cache for: fedora
May 13 08:06:39 DEBUG not found deltainfo for: Fedora 22 - x86_64
May 13 08:06:39 DEBUG not found updateinfo for: Fedora 22 - x86_64
May 13 08:06:39 DEBUG reviving: 'updates' can be revived.
May 13 08:06:39 DEBUG_2 timer: sack setup: 812 ms
May 13 08:06:39 INFO Metadata cache created.
May 13 08:06:39 DEBUG_2 Cleaning up.
May 13 09:06:58 INFO --- logging initialized ---
May 13 09:06:58 DDEBUG timer: config: 7 ms
May 13 09:06:58 DEBUG cachedir: /var/cache/dnf
May 13 09:06:59 DEBUG Loaded plugins: migrate
May 13 09:06:59 DEBUG DNF version: 1.1.6
May 13 09:06:59 DEBUG_2 Command: dnf -v makecache timer 
May 13 09:06:59 DEBUG_2 Installroot: /
May 13 09:06:59 DEBUG_2 Releasever: 22
May 13 09:06:59 DEBUG_2 Base command: makecache
May 13 09:06:59 DEBUG_2 Extra commands: [u'timer']
May 13 09:06:59 DEBUG Making cache files for all metadata files.
May 13 09:06:59 INFO Metadata cache refreshed recently.
May 13 09:06:59 DEBUG_2 Cleaning up.
May 13 10:07:18 INFO --- logging initialized ---
May 13 10:07:18 DDEBUG timer: config: 7 ms
May 13 10:07:18 DEBUG cachedir: /var/cache/dnf
May 13 10:07:19 DEBUG Loaded plugins: migrate
May 13 10:07:19 DEBUG DNF version: 1.1.6
May 13 10:07:19 DEBUG_2 Command: dnf -v makecache timer 
May 13 10:07:19 DEBUG_2 Installroot: /
May 13 10:07:19 DEBUG_2 Releasever: 22
May 13 10:07:19 DEBUG_2 Base command: makecache
May 13 10:07:19 DEBUG_2 Extra commands: [u'timer']
May 13 10:07:19 DEBUG Making cache files for all metadata files.
May 13 10:07:19 INFO Metadata cache refreshed recently.
May 13 10:07:19 DEBUG_2 Cleaning up.
May 13 11:07:28 INFO --- logging initialized ---
May 13 11:07:28 DDEBUG timer: config: 7 ms
May 13 11:07:28 DEBUG cachedir: /var/cache/dnf
May 13 11:07:29 DEBUG Loaded plugins: migrate
May 13 11:07:29 DEBUG DNF version: 1.1.6
May 13 11:07:29 DEBUG_2 Command: dnf -v makecache timer 
May 13 11:07:29 DEBUG_2 Installroot: /
May 13 11:07:29 DEBUG_2 Releasever: 22
May 13 11:07:29 DEBUG_2 Base command: makecache
May 13 11:07:29 DEBUG_2 Extra commands: [u'timer']
May 13 11:07:29 DEBUG Making cache files for all metadata files.
May 13 11:07:29 DEBUG fedora: will expire after 85900 seconds.
May 13 11:07:29 DEBUG updates: metadata will expire after 10750 seconds and will be refreshed now
May 13 11:07:29 DEBUG repo: using cache for: fedora
May 13 11:07:29 DEBUG not found deltainfo for: Fedora 22 - x86_64
May 13 11:07:29 DEBUG not found updateinfo for: Fedora 22 - x86_64
May 13 11:07:29 DEBUG reviving: 'updates' can be revived.
May 13 11:07:29 DEBUG_2 timer: sack setup: 808 ms
May 13 11:07:29 INFO Metadata cache created.
May 13 11:07:29 DEBUG_2 Cleaning up.
May 13 12:07:58 INFO --- logging initialized ---
May 13 12:07:58 DDEBUG timer: config: 7 ms
May 13 12:07:58 DEBUG cachedir: /var/cache/dnf
May 13 12:07:59 DEBUG Loaded plugins: migrate
May 13 12:07:59 DEBUG DNF version: 1.1.6
May 13 12:07:59 DEBUG_2 Command: dnf -v makecache timer 
May 13 12:07:59 DEBUG_2 Installroot: /
May 13 12:07:59 DEBUG_2 Releasever: 22
May 13 12:07:59 DEBUG_2 Base command: makecache
May 13 12:07:59 DEBUG_2 Extra commands: [u'timer']
May 13 12:07:59 DEBUG Making cache files for all metadata files.
May 13 12:07:59 INFO Metadata cache refreshed recently.
May 13 12:07:59 DEBUG_2 Cleaning up.
May 13 13:08:18 INFO --- logging initialized ---
May 13 13:08:18 DDEBUG timer: config: 7 ms
May 13 13:08:18 DEBUG cachedir: /var/cache/dnf
May 13 13:08:19 DEBUG Loaded plugins: migrate
May 13 13:08:19 DEBUG DNF version: 1.1.6
May 13 13:08:19 DEBUG_2 Command: dnf -v makecache timer 
May 13 13:08:19 DEBUG_2 Installroot: /
May 13 13:08:19 DEBUG_2 Releasever: 22
May 13 13:08:19 DEBUG_2 Base command: makecache
May 13 13:08:19 DEBUG_2 Extra commands: [u'timer']
May 13 13:08:19 DEBUG Making cache files for all metadata files.
May 13 13:08:19 INFO Metadata cache refreshed recently.
May 13 13:08:19 DEBUG_2 Cleaning up.
May 13 14:08:38 INFO --- logging initialized ---
May 13 14:08:38 DDEBUG timer: config: 7 ms
May 13 14:08:38 DEBUG cachedir: /var/cache/dnf
May 13 14:08:39 DEBUG Loaded plugins: migrate
May 13 14:08:39 DEBUG DNF version: 1.1.6
May 13 14:08:39 DEBUG_2 Command: dnf -v makecache timer 
May 13 14:08:39 DEBUG_2 Installroot: /
May 13 14:08:39 DEBUG_2 Releasever: 22
May 13 14:08:39 DEBUG_2 Base command: makecache
May 13 14:08:39 DEBUG_2 Extra commands: [u'timer']
May 13 14:08:39 DEBUG Making cache files for all metadata files.
May 13 14:08:39 DEBUG fedora: will expire after 75030 seconds.
May 13 14:08:39 DEBUG updates: metadata will expire after 10730 seconds and will be refreshed now
May 13 14:08:39 DEBUG repo: using cache for: fedora
May 13 14:08:39 DEBUG not found deltainfo for: Fedora 22 - x86_64
May 13 14:08:39 DEBUG not found updateinfo for: Fedora 22 - x86_64
May 13 14:08:39 DEBUG reviving: 'updates' can be revived.
May 13 14:08:39 DEBUG_2 timer: sack setup: 837 ms
May 13 14:08:39 INFO Metadata cache created.
May 13 14:08:39 DEBUG_2 Cleaning up.
May 13 15:09:18 INFO --- logging initialized ---
May 13 15:09:18 DDEBUG timer: config: 7 ms
May 13 15:09:18 DEBUG cachedir: /var/cache/dnf
May 13 15:09:19 DEBUG Loaded plugins: migrate
May 13 15:09:19 DEBUG DNF version: 1.1.6
May 13 15:09:19 DEBUG_2 Command: dnf -v makecache timer 
May 13 15:09:19 DEBUG_2 Installroot: /
May 13 15:09:19 DEBUG_2 Releasever: 22
May 13 15:09:19 DEBUG_2 Base command: makecache
May 13 15:09:19 DEBUG_2 Extra commands: [u'timer']
May 13 15:09:19 DEBUG Making cache files for all metadata files.
May 13 15:09:19 INFO Metadata cache refreshed recently.
May 13 15:09:19 DEBUG_2 Cleaning up.
May 13 16:09:58 INFO --- logging initialized ---
May 13 16:09:58 DDEBUG timer: config: 7 ms
May 13 16:09:58 DEBUG cachedir: /var/cache/dnf
May 13 16:09:59 DEBUG Loaded plugins: migrate
May 13 16:09:59 DEBUG DNF version: 1.1.6
May 13 16:09:59 DEBUG_2 Command: dnf -v makecache timer 
May 13 16:09:59 DEBUG_2 Installroot: /
May 13 16:09:59 DEBUG_2 Releasever: 22
May 13 16:09:59 DEBUG_2 Base command: makecache
May 13 16:09:59 DEBUG_2 Extra commands: [u'timer']
May 13 16:09:59 DEBUG Making cache files for all metadata files.
May 13 16:09:59 INFO Metadata cache refreshed recently.
May 13 16:09:59 DEBUG_2 Cleaning up.
May 13 17:10:18 INFO --- logging initialized ---
May 13 17:10:18 DDEBUG timer: config: 7 ms
May 13 17:10:18 DEBUG cachedir: /var/cache/dnf
May 13 17:10:19 DEBUG Loaded plugins: migrate
May 13 17:10:19 DEBUG DNF version: 1.1.6
May 13 17:10:19 DEBUG_2 Command: dnf -v makecache timer 
May 13 17:10:19 DEBUG_2 Installroot: /
May 13 17:10:19 DEBUG_2 Releasever: 22
May 13 17:10:19 DEBUG_2 Base command: makecache
May 13 17:10:19 DEBUG_2 Extra commands: [u'timer']
May 13 17:10:19 DEBUG Making cache files for all metadata files.
May 13 17:10:19 DEBUG fedora: will expire after 64130 seconds.
May 13 17:10:19 DEBUG updates: metadata will expire after 10700 seconds and will be refreshed now
May 13 17:10:19 DEBUG repo: using cache for: fedora
May 13 17:10:19 DEBUG not found deltainfo for: Fedora 22 - x86_64
May 13 17:10:19 DEBUG not found updateinfo for: Fedora 22 - x86_64
May 13 17:10:19 DEBUG reviving: 'updates' can be revived.
May 13 17:10:19 DEBUG_2 timer: sack setup: 857 ms
May 13 17:10:19 INFO Metadata cache created.
May 13 17:10:19 DEBUG_2 Cleaning up.
May 13 18:10:38 INFO --- logging initialized ---
May 13 18:10:38 DDEBUG timer: config: 7 ms
May 13 18:10:38 DEBUG cachedir: /var/cache/dnf
May 13 18:10:39 DEBUG Loaded plugins: migrate
May 13 18:10:39 DEBUG DNF version: 1.1.6
May 13 18:10:39 DEBUG_2 Command: dnf -v makecache timer 
May 13 18:10:39 DEBUG_2 Installroot: /
May 13 18:10:39 DEBUG_2 Releasever: 22
May 13 18:10:39 DEBUG_2 Base command: makecache
May 13 18:10:39 DEBUG_2 Extra commands: [u'timer']
May 13 18:10:39 DEBUG Making cache files for all metadata files.
May 13 18:10:39 INFO Metadata cache refreshed recently.
May 13 18:10:39 DEBUG_2 Cleaning up.
May 13 19:11:18 INFO --- logging initialized ---
May 13 19:11:18 DDEBUG timer: config: 7 ms
May 13 19:11:18 DEBUG cachedir: /var/cache/dnf
May 13 19:11:19 DEBUG Loaded plugins: migrate
May 13 19:11:19 DEBUG DNF version: 1.1.6
May 13 19:11:19 DEBUG_2 Command: dnf -v makecache timer 
May 13 19:11:19 DEBUG_2 Installroot: /
May 13 19:11:19 DEBUG_2 Releasever: 22
May 13 19:11:19 DEBUG_2 Base command: makecache
May 13 19:11:19 DEBUG_2 Extra commands: [u'timer']
May 13 19:11:19 DEBUG Making cache files for all metadata files.
May 13 19:11:19 INFO Metadata cache refreshed recently.
May 13 19:11:19 DEBUG_2 Cleaning up.
May 13 20:11:58 INFO --- logging initialized ---
May 13 20:11:58 DDEBUG timer: config: 7 ms
May 13 20:11:58 DEBUG cachedir: /var/cache/dnf
May 13 20:11:59 DEBUG Loaded plugins: migrate
May 13 20:11:59 DEBUG DNF version: 1.1.6
May 13 20:11:59 DEBUG_2 Command: dnf -v makecache timer 
May 13 20:11:59 DEBUG_2 Installroot: /
May 13 20:11:59 DEBUG_2 Releasever: 22
May 13 20:11:59 DEBUG_2 Base command: makecache
May 13 20:11:59 DEBUG_2 Extra commands: [u'timer']
May 13 20:11:59 DEBUG Making cache files for all metadata files.
May 13 20:11:59 DEBUG fedora: will expire after 53230 seconds.
May 13 20:11:59 DEBUG updates: metadata will expire after 10700 seconds and will be refreshed now
May 13 20:11:59 DEBUG repo: using cache for: fedora
May 13 20:11:59 DEBUG not found deltainfo for: Fedora 22 - x86_64
May 13 20:11:59 DEBUG not found updateinfo for: Fedora 22 - x86_64
May 13 20:11:59 DEBUG reviving: 'updates' can be revived.
May 13 20:11:59 DEBUG_2 timer: sack setup: 568 ms
May 13 20:11:59 INFO Metadata cache created.
May 13 20:11:59 DEBUG_2 Cleaning up.
May 13 21:12:18 INFO --- logging initialized ---
May 13 21:12:18 DDEBUG timer: config: 7 ms
May 13 21:12:18 DEBUG cachedir: /var/cache/dnf
May 13 21:12:19 DEBUG Loaded plugins: migrate
May 13 21:12:19 DEBUG DNF version: 1.1.6
May 13 21:12:19 DEBUG_2 Command: dnf -v makecache timer 
May 13 21:12:19 DEBUG_2 Installroot: /
May 13 21:12:19 DEBUG_2 Releasever: 22
May 13 21:12:19 DEBUG_2 Base command: makecache
May 13 21:12:19 DEBUG_2 Extra commands: [u'timer']
May 13 21:12:19 DEBUG Making cache files for all metadata files.
May 13 21:12:19 INFO Metadata cache refreshed recently.
May 13 21:12:19 DEBUG_2 Cleaning up.
May 13 22:12:58 INFO --- logging initialized ---
May 13 22:12:58 DDEBUG timer: config: 7 ms
May 13 22:12:58 DEBUG cachedir: /var/cache/dnf
May 13 22:12:59 DEBUG Loaded plugins: migrate
May 13 22:12:59 DEBUG DNF version: 1.1.6
May 13 22:12:59 DEBUG_2 Command: dnf -v makecache timer 
May 13 22:12:59 DEBUG_2 Installroot: /
May 13 22:12:59 DEBUG_2 Releasever: 22
May 13 22:12:59 DEBUG_2 Base command: makecache
May 13 22:12:59 DEBUG_2 Extra commands: [u'timer']
May 13 22:12:59 DEBUG Making cache files for all metadata files.
May 13 22:12:59 INFO Metadata cache refreshed recently.
May 13 22:12:59 DEBUG_2 Cleaning up.
May 13 23:13:18 INFO --- logging initialized ---
May 13 23:13:18 DDEBUG timer: config: 7 ms
May 13 23:13:18 DEBUG cachedir: /var/cache/dnf
May 13 23:13:19 DEBUG Loaded plugins: migrate
May 13 23:13:19 DEBUG DNF version: 1.1.6
May 13 23:13:19 DEBUG_2 Command: dnf -v makecache timer 
May 13 23:13:19 DEBUG_2 Installroot: /
May 13 23:13:19 DEBUG_2 Releasever: 22
May 13 23:13:19 DEBUG_2 Base command: makecache
May 13 23:13:19 DEBUG_2 Extra commands: [u'timer']
May 13 23:13:19 DEBUG Making cache files for all metadata files.
May 13 23:13:19 DEBUG fedora: will expire after 42350 seconds.
May 13 23:13:19 DEBUG updates: metadata will expire after 10720 seconds and will be refreshed now
May 13 23:13:19 DEBUG repo: using cache for: fedora
May 13 23:13:19 DEBUG not found deltainfo for: Fedora 22 - x86_64
May 13 23:13:19 DEBUG not found updateinfo for: Fedora 22 - x86_64
May 13 23:13:19 DEBUG reviving: 'updates' can be revived.
May 13 23:13:19 DEBUG_2 timer: sack setup: 837 ms
May 13 23:13:19 INFO Metadata cache created.
May 13 23:13:19 DEBUG_2 Cleaning up.
May 14 00:13:58 INFO --- logging initialized ---
May 14 00:13:58 DDEBUG timer: config: 8 ms
May 14 00:13:58 DEBUG cachedir: /var/cache/dnf
May 14 00:13:58 DEBUG Loaded plugins: migrate
May 14 00:13:58 DEBUG DNF version: 1.1.6
May 14 00:13:58 DEBUG_2 Command: dnf -v makecache timer 
May 14 00:13:58 DEBUG_2 Installroot: /
May 14 00:13:58 DEBUG_2 Releasever: 22
May 14 00:13:58 DEBUG_2 Base command: makecache
May 14 00:13:58 DEBUG_2 Extra commands: [u'timer']
May 14 00:13:58 DEBUG Making cache files for all metadata files.
May 14 00:13:58 INFO Metadata cache refreshed recently.
May 14 00:13:58 DEBUG_2 Cleaning up.
May 14 01:14:08 INFO --- logging initialized ---
May 14 01:14:08 DDEBUG timer: config: 6 ms
May 14 01:14:08 DEBUG cachedir: /var/cache/dnf
May 14 01:14:08 DEBUG Loaded plugins: migrate
May 14 01:14:08 DEBUG DNF version: 1.1.6
May 14 01:14:08 DEBUG_2 Command: dnf -v makecache timer 
May 14 01:14:08 DEBUG_2 Installroot: /
May 14 01:14:08 DEBUG_2 Releasever: 22
May 14 01:14:08 DEBUG_2 Base command: makecache
May 14 01:14:08 DEBUG_2 Extra commands: [u'timer']
May 14 01:14:08 DEBUG Making cache files for all metadata files.
May 14 01:14:08 INFO Metadata cache refreshed recently.
May 14 01:14:08 DEBUG_2 Cleaning up.
May 14 02:14:18 INFO --- logging initialized ---
May 14 02:14:18 DDEBUG timer: config: 7 ms
May 14 02:14:18 DEBUG cachedir: /var/cache/dnf
May 14 02:14:18 DEBUG Loaded plugins: migrate
May 14 02:14:18 DEBUG DNF version: 1.1.6
May 14 02:14:18 DEBUG_2 Command: dnf -v makecache timer 
May 14 02:14:18 DEBUG_2 Installroot: /
May 14 02:14:18 DEBUG_2 Releasever: 22
May 14 02:14:18 DEBUG_2 Base command: makecache
May 14 02:14:18 DEBUG_2 Extra commands: [u'timer']
May 14 02:14:18 DEBUG Making cache files for all metadata files.
May 14 02:14:18 DEBUG fedora: will expire after 31490 seconds.
May 14 02:14:19 DEBUG updates: metadata will expire after 10740 seconds and will be refreshed now
May 14 02:14:19 DEBUG repo: using cache for: fedora
May 14 02:14:19 DEBUG not found deltainfo for: Fedora 22 - x86_64
May 14 02:14:19 DEBUG not found updateinfo for: Fedora 22 - x86_64
May 14 02:14:19 DEBUG reviving: 'updates' can be revived.
May 14 02:14:19 DEBUG_2 timer: sack setup: 603 ms
May 14 02:14:19 INFO Metadata cache created.
May 14 02:14:19 DEBUG_2 Cleaning up.
May 14 03:14:28 INFO --- logging initialized ---
May 14 03:14:28 DDEBUG timer: config: 7 ms
May 14 03:14:28 DEBUG cachedir: /var/cache/dnf
May 14 03:14:29 DEBUG Loaded plugins: migrate
May 14 03:14:29 DEBUG DNF version: 1.1.6
May 14 03:14:29 DEBUG_2 Command: dnf -v makecache timer 
May 14 03:14:29 DEBUG_2 Installroot: /
May 14 03:14:29 DEBUG_2 Releasever: 22
May 14 03:14:29 DEBUG_2 Base command: makecache
May 14 03:14:29 DEBUG_2 Extra commands: [u'timer']
May 14 03:14:29 DEBUG Making cache files for all metadata files.
May 14 03:14:29 INFO Metadata cache refreshed recently.
May 14 03:14:29 DEBUG_2 Cleaning up.
May 14 04:14:38 INFO --- logging initialized ---
May 14 04:14:38 DDEBUG timer: config: 7 ms
May 14 04:14:38 DEBUG cachedir: /var/cache/dnf
May 14 04:14:39 DEBUG Loaded plugins: migrate
May 14 04:14:39 DEBUG DNF version: 1.1.6
May 14 04:14:39 DEBUG_2 Command: dnf -v makecache timer 
May 14 04:14:39 DEBUG_2 Installroot: /
May 14 04:14:39 DEBUG_2 Releasever: 22
May 14 04:14:39 DEBUG_2 Base command: makecache
May 14 04:14:39 DEBUG_2 Extra commands: [u'timer']
May 14 04:14:39 DEBUG Making cache files for all metadata files.
May 14 04:14:39 INFO Metadata cache refreshed recently.
May 14 04:14:39 DEBUG_2 Cleaning up.
May 14 05:14:48 INFO --- logging initialized ---
May 14 05:14:48 DDEBUG timer: config: 7 ms
May 14 05:14:48 DEBUG cachedir: /var/cache/dnf
May 14 05:14:49 DEBUG Loaded plugins: migrate
May 14 05:14:49 DEBUG DNF version: 1.1.6
May 14 05:14:49 DEBUG_2 Command: dnf -v makecache timer 
May 14 05:14:49 DEBUG_2 Installroot: /
May 14 05:14:49 DEBUG_2 Releasever: 22
May 14 05:14:49 DEBUG_2 Base command: makecache
May 14 05:14:49 DEBUG_2 Extra commands: [u'timer']
May 14 05:14:49 DEBUG Making cache files for all metadata files.
May 14 05:14:49 DEBUG fedora: will expire after 20660 seconds.
May 14 05:14:49 DEBUG updates: metadata will expire after 10770 seconds and will be refreshed now
May 14 05:14:49 DEBUG repo: using cache for: fedora
May 14 05:14:49 DEBUG not found deltainfo for: Fedora 22 - x86_64
May 14 05:14:49 DEBUG not found updateinfo for: Fedora 22 - x86_64
May 14 05:14:49 DEBUG reviving: 'updates' can be revived.
May 14 05:14:49 DEBUG_2 timer: sack setup: 608 ms
May 14 05:14:49 INFO Metadata cache created.
May 14 05:14:49 DEBUG_2 Cleaning up.
May 14 06:15:18 INFO --- logging initialized ---
May 14 06:15:18 DDEBUG timer: config: 7 ms
May 14 06:15:18 DEBUG cachedir: /var/cache/dnf
May 14 06:15:19 DEBUG Loaded plugins: migrate
May 14 06:15:19 DEBUG DNF version: 1.1.6
May 14 06:15:19 DEBUG_2 Command: dnf -v makecache timer 
May 14 06:15:19 DEBUG_2 Installroot: /
May 14 06:15:19 DEBUG_2 Releasever: 22
May 14 06:15:19 DEBUG_2 Base command: makecache
May 14 06:15:19 DEBUG_2 Extra commands: [u'timer']
May 14 06:15:19 DEBUG Making cache files for all metadata files.
May 14 06:15:19 INFO Metadata cache refreshed recently.
May 14 06:15:19 DEBUG_2 Cleaning up.
May 14 07:15:48 INFO --- logging initialized ---
May 14 07:15:48 DDEBUG timer: config: 7 ms
May 14 07:15:48 DEBUG cachedir: /var/cache/dnf
May 14 07:15:49 DEBUG Loaded plugins: migrate
May 14 07:15:49 DEBUG DNF version: 1.1.6
May 14 07:15:49 DEBUG_2 Command: dnf -v makecache timer 
May 14 07:15:49 DEBUG_2 Installroot: /
May 14 07:15:49 DEBUG_2 Releasever: 22
May 14 07:15:49 DEBUG_2 Base command: makecache
May 14 07:15:49 DEBUG_2 Extra commands: [u'timer']
May 14 07:15:49 DEBUG Making cache files for all metadata files.
May 14 07:15:49 INFO Metadata cache refreshed recently.
May 14 07:15:49 DEBUG_2 Cleaning up.
May 14 08:16:08 INFO --- logging initialized ---
May 14 08:16:08 DDEBUG timer: config: 7 ms
May 14 08:16:08 DEBUG cachedir: /var/cache/dnf
May 14 08:16:09 DEBUG Loaded plugins: migrate
May 14 08:16:09 DEBUG DNF version: 1.1.6
May 14 08:16:09 DEBUG_2 Command: dnf -v makecache timer 
May 14 08:16:09 DEBUG_2 Installroot: /
May 14 08:16:09 DEBUG_2 Releasever: 22
May 14 08:16:09 DEBUG_2 Base command: makecache
May 14 08:16:09 DEBUG_2 Extra commands: [u'timer']
May 14 08:16:09 DEBUG Making cache files for all metadata files.
May 14 08:16:09 DEBUG fedora: metadata will expire after 9780 seconds and will be refreshed now
May 14 08:16:09 DEBUG updates: metadata will expire after 10720 seconds and will be refreshed now
May 14 08:16:09 DEBUG reviving: 'fedora' can be revived.
May 14 08:16:09 DEBUG not found deltainfo for: Fedora 22 - x86_64
May 14 08:16:09 DEBUG not found updateinfo for: Fedora 22 - x86_64
May 14 08:16:10 DEBUG reviving: 'updates' can be revived.
May 14 08:16:10 DEBUG_2 timer: sack setup: 1193 ms
May 14 08:16:10 INFO Metadata cache created.
May 14 08:16:10 DEBUG_2 Cleaning up.
May 14 09:16:18 INFO --- logging initialized ---
May 14 09:16:18 DDEBUG timer: config: 7 ms
May 14 09:16:18 DEBUG cachedir: /var/cache/dnf
May 14 09:16:19 DEBUG Loaded plugins: migrate
May 14 09:16:19 DEBUG DNF version: 1.1.6
May 14 09:16:19 DEBUG_2 Command: dnf -v makecache timer 
May 14 09:16:19 DEBUG_2 Installroot: /
May 14 09:16:19 DEBUG_2 Releasever: 22
May 14 09:16:19 DEBUG_2 Base command: makecache
May 14 09:16:19 DEBUG_2 Extra commands: [u'timer']
May 14 09:16:19 DEBUG Making cache files for all metadata files.
May 14 09:16:19 INFO Metadata cache refreshed recently.
May 14 09:16:19 DEBUG_2 Cleaning up.
May 14 10:16:38 INFO --- logging initialized ---
May 14 10:16:38 DDEBUG timer: config: 7 ms
May 14 10:16:38 DEBUG cachedir: /var/cache/dnf
May 14 10:16:39 DEBUG Loaded plugins: migrate
May 14 10:16:39 DEBUG DNF version: 1.1.6
May 14 10:16:39 DEBUG_2 Command: dnf -v makecache timer 
May 14 10:16:39 DEBUG_2 Installroot: /
May 14 10:16:39 DEBUG_2 Releasever: 22
May 14 10:16:39 DEBUG_2 Base command: makecache
May 14 10:16:39 DEBUG_2 Extra commands: [u'timer']
May 14 10:16:39 DEBUG Making cache files for all metadata files.
May 14 10:16:39 INFO Metadata cache refreshed recently.
May 14 10:16:39 DEBUG_2 Cleaning up.
May 14 11:17:18 INFO --- logging initialized ---
May 14 11:17:18 DDEBUG timer: config: 7 ms
May 14 11:17:18 DEBUG cachedir: /var/cache/dnf
May 14 11:17:19 DEBUG Loaded plugins: migrate
May 14 11:17:19 DEBUG DNF version: 1.1.6
May 14 11:17:19 DEBUG_2 Command: dnf -v makecache timer 
May 14 11:17:19 DEBUG_2 Installroot: /
May 14 11:17:19 DEBUG_2 Releasever: 22
May 14 11:17:19 DEBUG_2 Base command: makecache
May 14 11:17:19 DEBUG_2 Extra commands: [u'timer']
May 14 11:17:19 DEBUG Making cache files for all metadata files.
May 14 11:17:19 DEBUG fedora: will expire after 161930 seconds.
May 14 11:17:19 DEBUG updates: metadata will expire after 10730 seconds and will be refreshed now
May 14 11:17:19 DEBUG repo: using cache for: fedora
May 14 11:17:19 DEBUG not found deltainfo for: Fedora 22 - x86_64
May 14 11:17:19 DEBUG not found updateinfo for: Fedora 22 - x86_64
May 14 11:17:19 DEBUG reviving: 'updates' can be revived.
May 14 11:17:19 DEBUG_2 timer: sack setup: 715 ms
May 14 11:17:19 INFO Metadata cache created.
May 14 11:17:19 DEBUG_2 Cleaning up.
May 14 12:17:58 INFO --- logging initialized ---
May 14 12:17:58 DDEBUG timer: config: 7 ms
May 14 12:17:58 DEBUG cachedir: /var/cache/dnf
May 14 12:17:59 DEBUG Loaded plugins: migrate
May 14 12:17:59 DEBUG DNF version: 1.1.6
May 14 12:17:59 DEBUG_2 Command: dnf -v makecache timer 
May 14 12:17:59 DEBUG_2 Installroot: /
May 14 12:17:59 DEBUG_2 Releasever: 22
May 14 12:17:59 DEBUG_2 Base command: makecache
May 14 12:17:59 DEBUG_2 Extra commands: [u'timer']
May 14 12:17:59 DEBUG Making cache files for all metadata files.
May 14 12:17:59 INFO Metadata cache refreshed recently.
May 14 12:17:59 DEBUG_2 Cleaning up.
May 14 13:18:18 INFO --- logging initialized ---
May 14 13:18:18 DDEBUG timer: config: 7 ms
May 14 13:18:18 DEBUG cachedir: /var/cache/dnf
May 14 13:18:19 DEBUG Loaded plugins: migrate
May 14 13:18:19 DEBUG DNF version: 1.1.6
May 14 13:18:19 DEBUG_2 Command: dnf -v makecache timer 
May 14 13:18:19 DEBUG_2 Installroot: /
May 14 13:18:19 DEBUG_2 Releasever: 22
May 14 13:18:19 DEBUG_2 Base command: makecache
May 14 13:18:19 DEBUG_2 Extra commands: [u'timer']
May 14 13:18:19 DEBUG Making cache files for all metadata files.
May 14 13:18:19 INFO Metadata cache refreshed recently.
May 14 13:18:19 DEBUG_2 Cleaning up.
May 14 14:18:36 INFO --- logging initialized ---
May 14 14:18:36 DDEBUG timer: config: 7 ms
May 14 14:18:36 DEBUG cachedir: /var/cache/dnf
May 14 14:18:36 DEBUG Loaded plugins: migrate
May 14 14:18:36 DEBUG DNF version: 1.1.6
May 14 14:18:36 DEBUG_2 Command: dnf -v makecache timer 
May 14 14:18:36 DEBUG_2 Installroot: /
May 14 14:18:36 DEBUG_2 Releasever: 22
May 14 14:18:36 DEBUG_2 Base command: makecache
May 14 14:18:36 DEBUG_2 Extra commands: [u'timer']
May 14 14:18:36 DEBUG Making cache files for all metadata files.
May 14 14:18:36 DEBUG fedora: will expire after 151053 seconds.
May 14 14:18:36 DEBUG updates: metadata will expire after 10723 seconds and will be refreshed now
May 14 14:18:36 DEBUG repo: using cache for: fedora
May 14 14:18:36 DEBUG not found deltainfo for: Fedora 22 - x86_64
May 14 14:18:36 DEBUG not found updateinfo for: Fedora 22 - x86_64
May 14 14:18:36 DEBUG reviving: 'updates' can be revived.
May 14 14:18:37 DEBUG_2 timer: sack setup: 871 ms
May 14 14:18:37 INFO Metadata cache created.
May 14 14:18:37 DEBUG_2 Cleaning up.
May 14 15:18:38 INFO --- logging initialized ---
May 14 15:18:38 DDEBUG timer: config: 7 ms
May 14 15:18:38 DEBUG cachedir: /var/cache/dnf
May 14 15:18:39 DEBUG Loaded plugins: migrate
May 14 15:18:39 DEBUG DNF version: 1.1.6
May 14 15:18:39 DEBUG_2 Command: dnf -v makecache timer 
May 14 15:18:39 DEBUG_2 Installroot: /
May 14 15:18:39 DEBUG_2 Releasever: 22
May 14 15:18:39 DEBUG_2 Base command: makecache
May 14 15:18:39 DEBUG_2 Extra commands: [u'timer']
May 14 15:18:39 DEBUG Making cache files for all metadata files.
May 14 15:18:39 INFO Metadata cache refreshed recently.
May 14 15:18:39 DEBUG_2 Cleaning up.
May 14 16:18:59 INFO --- logging initialized ---
May 14 16:18:59 DDEBUG timer: config: 7 ms
May 14 16:18:59 DEBUG cachedir: /var/cache/dnf
May 14 16:18:59 DEBUG Loaded plugins: migrate
May 14 16:18:59 DEBUG DNF version: 1.1.6
May 14 16:18:59 DEBUG_2 Command: dnf -v makecache timer 
May 14 16:18:59 DEBUG_2 Installroot: /
May 14 16:18:59 DEBUG_2 Releasever: 22
May 14 16:18:59 DEBUG_2 Base command: makecache
May 14 16:18:59 DEBUG_2 Extra commands: [u'timer']
May 14 16:18:59 DEBUG Making cache files for all metadata files.
May 14 16:18:59 INFO Metadata cache refreshed recently.
May 14 16:18:59 DEBUG_2 Cleaning up.
May 14 17:19:18 INFO --- logging initialized ---
May 14 17:19:18 DDEBUG timer: config: 7 ms
May 14 17:19:18 DEBUG cachedir: /var/cache/dnf
May 14 17:19:19 DEBUG Loaded plugins: migrate
May 14 17:19:19 DEBUG DNF version: 1.1.6
May 14 17:19:19 DEBUG_2 Command: dnf -v makecache timer 
May 14 17:19:19 DEBUG_2 Installroot: /
May 14 17:19:19 DEBUG_2 Releasever: 22
May 14 17:19:19 DEBUG_2 Base command: makecache
May 14 17:19:19 DEBUG_2 Extra commands: [u'timer']
May 14 17:19:19 DEBUG Making cache files for all metadata files.
May 14 17:19:19 DEBUG fedora: will expire after 140210 seconds.
May 14 17:19:19 DEBUG updates: metadata will expire after 10757 seconds and will be refreshed now
May 14 17:19:19 DEBUG repo: using cache for: fedora
May 14 17:19:19 DEBUG not found deltainfo for: Fedora 22 - x86_64
May 14 17:19:19 DEBUG not found updateinfo for: Fedora 22 - x86_64
May 14 17:19:19 DEBUG reviving: 'updates' can be revived.
May 14 17:19:19 DEBUG_2 timer: sack setup: 915 ms
May 14 17:19:19 INFO Metadata cache created.
May 14 17:19:19 DEBUG_2 Cleaning up.
May 14 18:19:58 INFO --- logging initialized ---
May 14 18:19:58 DDEBUG timer: config: 7 ms
May 14 18:19:58 DEBUG cachedir: /var/cache/dnf
May 14 18:19:59 DEBUG Loaded plugins: migrate
May 14 18:19:59 DEBUG DNF version: 1.1.6
May 14 18:19:59 DEBUG_2 Command: dnf -v makecache timer 
May 14 18:19:59 DEBUG_2 Installroot: /
May 14 18:19:59 DEBUG_2 Releasever: 22
May 14 18:19:59 DEBUG_2 Base command: makecache
May 14 18:19:59 DEBUG_2 Extra commands: [u'timer']
May 14 18:19:59 DEBUG Making cache files for all metadata files.
May 14 18:19:59 INFO Metadata cache refreshed recently.
May 14 18:19:59 DEBUG_2 Cleaning up.
May 14 19:20:18 INFO --- logging initialized ---
May 14 19:20:18 DDEBUG timer: config: 7 ms
May 14 19:20:18 DEBUG cachedir: /var/cache/dnf
May 14 19:20:19 DEBUG Loaded plugins: migrate
May 14 19:20:19 DEBUG DNF version: 1.1.6
May 14 19:20:19 DEBUG_2 Command: dnf -v makecache timer 
May 14 19:20:19 DEBUG_2 Installroot: /
May 14 19:20:19 DEBUG_2 Releasever: 22
May 14 19:20:19 DEBUG_2 Base command: makecache
May 14 19:20:19 DEBUG_2 Extra commands: [u'timer']
May 14 19:20:19 DEBUG Making cache files for all metadata files.
May 14 19:20:19 INFO Metadata cache refreshed recently.
May 14 19:20:19 DEBUG_2 Cleaning up.
May 14 20:20:58 INFO --- logging initialized ---
May 14 20:20:58 DDEBUG timer: config: 7 ms
May 14 20:20:58 DEBUG cachedir: /var/cache/dnf
May 14 20:20:59 DEBUG Loaded plugins: migrate
May 14 20:20:59 DEBUG DNF version: 1.1.6
May 14 20:20:59 DEBUG_2 Command: dnf -v makecache timer 
May 14 20:20:59 DEBUG_2 Installroot: /
May 14 20:20:59 DEBUG_2 Releasever: 22
May 14 20:20:59 DEBUG_2 Base command: makecache
May 14 20:20:59 DEBUG_2 Extra commands: [u'timer']
May 14 20:20:59 DEBUG Making cache files for all metadata files.
May 14 20:20:59 DEBUG fedora: will expire after 129310 seconds.
May 14 20:20:59 DEBUG updates: metadata will expire after 10700 seconds and will be refreshed now
May 14 20:20:59 DEBUG repo: using cache for: fedora
May 14 20:20:59 DEBUG not found deltainfo for: Fedora 22 - x86_64
May 14 20:20:59 DEBUG not found updateinfo for: Fedora 22 - x86_64
May 14 20:21:00 DEBUG reviving: 'updates' can be revived.
May 14 20:21:01 DEBUG_2 timer: sack setup: 2015 ms
May 14 20:21:01 INFO Metadata cache created.
May 14 20:21:01 DEBUG_2 Cleaning up.
May 14 21:21:08 INFO --- logging initialized ---
May 14 21:21:08 DDEBUG timer: config: 7 ms
May 14 21:21:08 DEBUG cachedir: /var/cache/dnf
May 14 21:21:09 DEBUG Loaded plugins: migrate
May 14 21:21:09 DEBUG DNF version: 1.1.6
May 14 21:21:09 DEBUG_2 Command: dnf -v makecache timer 
May 14 21:21:09 DEBUG_2 Installroot: /
May 14 21:21:09 DEBUG_2 Releasever: 22
May 14 21:21:09 DEBUG_2 Base command: makecache
May 14 21:21:09 DEBUG_2 Extra commands: [u'timer']
May 14 21:21:09 DEBUG Making cache files for all metadata files.
May 14 21:21:09 INFO Metadata cache refreshed recently.
May 14 21:21:09 DEBUG_2 Cleaning up.
May 14 22:21:18 INFO --- logging initialized ---
May 14 22:21:18 DDEBUG timer: config: 7 ms
May 14 22:21:18 DEBUG cachedir: /var/cache/dnf
May 14 22:21:19 DEBUG Loaded plugins: migrate
May 14 22:21:19 DEBUG DNF version: 1.1.6
May 14 22:21:19 DEBUG_2 Command: dnf -v makecache timer 
May 14 22:21:19 DEBUG_2 Installroot: /
May 14 22:21:19 DEBUG_2 Releasever: 22
May 14 22:21:19 DEBUG_2 Base command: makecache
May 14 22:21:19 DEBUG_2 Extra commands: [u'timer']
May 14 22:21:19 DEBUG Making cache files for all metadata files.
May 14 22:21:19 INFO Metadata cache refreshed recently.
May 14 22:21:19 DEBUG_2 Cleaning up.
May 14 23:21:58 INFO --- logging initialized ---
May 14 23:21:58 DDEBUG timer: config: 7 ms
May 14 23:21:58 DEBUG cachedir: /var/cache/dnf
May 14 23:21:59 DEBUG Loaded plugins: migrate
May 14 23:21:59 DEBUG DNF version: 1.1.6
May 14 23:21:59 DEBUG_2 Command: dnf -v makecache timer 
May 14 23:21:59 DEBUG_2 Installroot: /
May 14 23:21:59 DEBUG_2 Releasever: 22
May 14 23:21:59 DEBUG_2 Base command: makecache
May 14 23:21:59 DEBUG_2 Extra commands: [u'timer']
May 14 23:21:59 DEBUG Making cache files for all metadata files.
May 14 23:21:59 DEBUG fedora: will expire after 118450 seconds.
May 14 23:21:59 DEBUG updates: metadata will expire after 10741 seconds and will be refreshed now
May 14 23:21:59 DEBUG repo: using cache for: fedora
May 14 23:21:59 DEBUG not found deltainfo for: Fedora 22 - x86_64
May 14 23:21:59 DEBUG not found updateinfo for: Fedora 22 - x86_64
May 14 23:22:00 DEBUG reviving: 'updates' can be revived.
May 14 23:22:01 DEBUG_2 timer: sack setup: 2028 ms
May 14 23:22:01 INFO Metadata cache created.
May 14 23:22:01 DEBUG_2 Cleaning up.
May 15 00:22:08 INFO --- logging initialized ---
May 15 00:22:08 DDEBUG timer: config: 7 ms
May 15 00:22:08 DEBUG cachedir: /var/cache/dnf
May 15 00:22:09 DEBUG Loaded plugins: migrate
May 15 00:22:09 DEBUG DNF version: 1.1.6
May 15 00:22:09 DEBUG_2 Command: dnf -v makecache timer 
May 15 00:22:09 DEBUG_2 Installroot: /
May 15 00:22:09 DEBUG_2 Releasever: 22
May 15 00:22:09 DEBUG_2 Base command: makecache
May 15 00:22:09 DEBUG_2 Extra commands: [u'timer']
May 15 00:22:09 DEBUG Making cache files for all metadata files.
May 15 00:22:09 INFO Metadata cache refreshed recently.
May 15 00:22:09 DEBUG_2 Cleaning up.
May 15 01:22:18 INFO --- logging initialized ---
May 15 01:22:18 DDEBUG timer: config: 7 ms
May 15 01:22:18 DEBUG cachedir: /var/cache/dnf
May 15 01:22:19 DEBUG Loaded plugins: migrate
May 15 01:22:19 DEBUG DNF version: 1.1.6
May 15 01:22:19 DEBUG_2 Command: dnf -v makecache timer 
May 15 01:22:19 DEBUG_2 Installroot: /
May 15 01:22:19 DEBUG_2 Releasever: 22
May 15 01:22:19 DEBUG_2 Base command: makecache
May 15 01:22:19 DEBUG_2 Extra commands: [u'timer']
May 15 01:22:19 DEBUG Making cache files for all metadata files.
May 15 01:22:19 INFO Metadata cache refreshed recently.
May 15 01:22:19 DEBUG_2 Cleaning up.
May 15 02:22:58 INFO --- logging initialized ---
May 15 02:22:58 DDEBUG timer: config: 7 ms
May 15 02:22:58 DEBUG cachedir: /var/cache/dnf
May 15 02:22:59 DEBUG Loaded plugins: migrate
May 15 02:22:59 DEBUG DNF version: 1.1.6
May 15 02:22:59 DEBUG_2 Command: dnf -v makecache timer 
May 15 02:22:59 DEBUG_2 Installroot: /
May 15 02:22:59 DEBUG_2 Releasever: 22
May 15 02:22:59 DEBUG_2 Base command: makecache
May 15 02:22:59 DEBUG_2 Extra commands: [u'timer']
May 15 02:22:59 DEBUG Making cache files for all metadata files.
May 15 02:22:59 DEBUG fedora: will expire after 107590 seconds.
May 15 02:22:59 DEBUG updates: metadata will expire after 10741 seconds and will be refreshed now
May 15 02:22:59 DEBUG repo: using cache for: fedora
May 15 02:22:59 DEBUG not found deltainfo for: Fedora 22 - x86_64
May 15 02:22:59 DEBUG not found updateinfo for: Fedora 22 - x86_64
May 15 02:23:00 DEBUG reviving: 'updates' can be revived.
May 15 02:23:00 DEBUG_2 timer: sack setup: 1854 ms
May 15 02:23:00 INFO Metadata cache created.
May 15 02:23:00 DEBUG_2 Cleaning up.
May 15 03:23:18 INFO --- logging initialized ---
May 15 03:23:18 DDEBUG timer: config: 7 ms
May 15 03:23:18 DEBUG cachedir: /var/cache/dnf
May 15 03:23:19 DEBUG Loaded plugins: migrate
May 15 03:23:19 DEBUG DNF version: 1.1.6
May 15 03:23:19 DEBUG_2 Command: dnf -v makecache timer 
May 15 03:23:19 DEBUG_2 Installroot: /
May 15 03:23:19 DEBUG_2 Releasever: 22
May 15 03:23:19 DEBUG_2 Base command: makecache
May 15 03:23:19 DEBUG_2 Extra commands: [u'timer']
May 15 03:23:19 DEBUG Making cache files for all metadata files.
May 15 03:23:19 INFO Metadata cache refreshed recently.
May 15 03:23:19 DEBUG_2 Cleaning up.
May 15 04:23:48 INFO --- logging initialized ---
May 15 04:23:48 DDEBUG timer: config: 7 ms
May 15 04:23:48 DEBUG cachedir: /var/cache/dnf
May 15 04:23:49 DEBUG Loaded plugins: migrate
May 15 04:23:49 DEBUG DNF version: 1.1.6
May 15 04:23:49 DEBUG_2 Command: dnf -v makecache timer 
May 15 04:23:49 DEBUG_2 Installroot: /
May 15 04:23:49 DEBUG_2 Releasever: 22
May 15 04:23:49 DEBUG_2 Base command: makecache
May 15 04:23:49 DEBUG_2 Extra commands: [u'timer']
May 15 04:23:49 DEBUG Making cache files for all metadata files.
May 15 04:23:49 INFO Metadata cache refreshed recently.
May 15 04:23:49 DEBUG_2 Cleaning up.
May 15 05:23:58 INFO --- logging initialized ---
May 15 05:23:58 DDEBUG timer: config: 7 ms
May 15 05:23:58 DEBUG cachedir: /var/cache/dnf
May 15 05:23:59 DEBUG Loaded plugins: migrate
May 15 05:23:59 DEBUG DNF version: 1.1.6
May 15 05:23:59 DEBUG_2 Command: dnf -v makecache timer 
May 15 05:23:59 DEBUG_2 Installroot: /
May 15 05:23:59 DEBUG_2 Releasever: 22
May 15 05:23:59 DEBUG_2 Base command: makecache
May 15 05:23:59 DEBUG_2 Extra commands: [u'timer']
May 15 05:23:59 DEBUG Making cache files for all metadata files.
May 15 05:23:59 DEBUG fedora: will expire after 96730 seconds.
May 15 05:23:59 DEBUG updates: metadata will expire after 10741 seconds and will be refreshed now
May 15 05:23:59 DEBUG repo: using cache for: fedora
May 15 05:23:59 DEBUG not found deltainfo for: Fedora 22 - x86_64
May 15 05:23:59 DEBUG not found updateinfo for: Fedora 22 - x86_64
May 15 05:23:59 DEBUG reviving: 'updates' can be revived.
May 15 05:23:59 DEBUG_2 timer: sack setup: 631 ms
May 15 05:23:59 INFO Metadata cache created.
May 15 05:23:59 DEBUG_2 Cleaning up.
May 15 06:24:18 INFO --- logging initialized ---
May 15 06:24:18 DDEBUG timer: config: 7 ms
May 15 06:24:18 DEBUG cachedir: /var/cache/dnf
May 15 06:24:19 DEBUG Loaded plugins: migrate
May 15 06:24:19 DEBUG DNF version: 1.1.6
May 15 06:24:19 DEBUG_2 Command: dnf -v makecache timer 
May 15 06:24:19 DEBUG_2 Installroot: /
May 15 06:24:19 DEBUG_2 Releasever: 22
May 15 06:24:19 DEBUG_2 Base command: makecache
May 15 06:24:19 DEBUG_2 Extra commands: [u'timer']
May 15 06:24:19 DEBUG Making cache files for all metadata files.
May 15 06:24:19 INFO Metadata cache refreshed recently.
May 15 06:24:19 DEBUG_2 Cleaning up.
May 15 07:24:38 INFO --- logging initialized ---
May 15 07:24:38 DDEBUG timer: config: 7 ms
May 15 07:24:38 DEBUG cachedir: /var/cache/dnf
May 15 07:24:39 DEBUG Loaded plugins: migrate
May 15 07:24:39 DEBUG DNF version: 1.1.6
May 15 07:24:39 DEBUG_2 Command: dnf -v makecache timer 
May 15 07:24:39 DEBUG_2 Installroot: /
May 15 07:24:39 DEBUG_2 Releasever: 22
May 15 07:24:39 DEBUG_2 Base command: makecache
May 15 07:24:39 DEBUG_2 Extra commands: [u'timer']
May 15 07:24:39 DEBUG Making cache files for all metadata files.
May 15 07:24:39 INFO Metadata cache refreshed recently.
May 15 07:24:39 DEBUG_2 Cleaning up.
May 15 08:25:08 INFO --- logging initialized ---
May 15 08:25:08 DDEBUG timer: config: 7 ms
May 15 08:25:08 DEBUG cachedir: /var/cache/dnf
May 15 08:25:09 DEBUG Loaded plugins: migrate
May 15 08:25:09 DEBUG DNF version: 1.1.6
May 15 08:25:09 DEBUG_2 Command: dnf -v makecache timer 
May 15 08:25:09 DEBUG_2 Installroot: /
May 15 08:25:09 DEBUG_2 Releasever: 22
May 15 08:25:09 DEBUG_2 Base command: makecache
May 15 08:25:09 DEBUG_2 Extra commands: [u'timer']
May 15 08:25:09 DEBUG Making cache files for all metadata files.
May 15 08:25:09 DEBUG fedora: will expire after 85860 seconds.
May 15 08:25:09 DEBUG updates: metadata will expire after 10730 seconds and will be refreshed now
May 15 08:25:09 DEBUG repo: using cache for: fedora
May 15 08:25:09 DEBUG not found deltainfo for: Fedora 22 - x86_64
May 15 08:25:09 DEBUG not found updateinfo for: Fedora 22 - x86_64
May 15 08:25:09 DEBUG reviving: 'updates' can be revived.
May 15 08:25:09 DEBUG_2 timer: sack setup: 612 ms
May 15 08:25:09 INFO Metadata cache created.
May 15 08:25:09 DEBUG_2 Cleaning up.
May 15 09:25:18 INFO --- logging initialized ---
May 15 09:25:18 DDEBUG timer: config: 7 ms
May 15 09:25:18 DEBUG cachedir: /var/cache/dnf
May 15 09:25:19 DEBUG Loaded plugins: migrate
May 15 09:25:19 DEBUG DNF version: 1.1.6
May 15 09:25:19 DEBUG_2 Command: dnf -v makecache timer 
May 15 09:25:19 DEBUG_2 Installroot: /
May 15 09:25:19 DEBUG_2 Releasever: 22
May 15 09:25:19 DEBUG_2 Base command: makecache
May 15 09:25:19 DEBUG_2 Extra commands: [u'timer']
May 15 09:25:19 DEBUG Making cache files for all metadata files.
May 15 09:25:19 INFO Metadata cache refreshed recently.
May 15 09:25:19 DEBUG_2 Cleaning up.
May 15 10:25:38 INFO --- logging initialized ---
May 15 10:25:38 DDEBUG timer: config: 7 ms
May 15 10:25:38 DEBUG cachedir: /var/cache/dnf
May 15 10:25:39 DEBUG Loaded plugins: migrate
May 15 10:25:39 DEBUG DNF version: 1.1.6
May 15 10:25:39 DEBUG_2 Command: dnf -v makecache timer 
May 15 10:25:39 DEBUG_2 Installroot: /
May 15 10:25:39 DEBUG_2 Releasever: 22
May 15 10:25:39 DEBUG_2 Base command: makecache
May 15 10:25:39 DEBUG_2 Extra commands: [u'timer']
May 15 10:25:39 DEBUG Making cache files for all metadata files.
May 15 10:25:39 INFO Metadata cache refreshed recently.
May 15 10:25:39 DEBUG_2 Cleaning up.
May 15 11:26:18 INFO --- logging initialized ---
May 15 11:26:18 DDEBUG timer: config: 7 ms
May 15 11:26:18 DEBUG cachedir: /var/cache/dnf
May 15 11:26:19 DEBUG Loaded plugins: migrate
May 15 11:26:19 DEBUG DNF version: 1.1.6
May 15 11:26:19 DEBUG_2 Command: dnf -v makecache timer 
May 15 11:26:19 DEBUG_2 Installroot: /
May 15 11:26:19 DEBUG_2 Releasever: 22
May 15 11:26:19 DEBUG_2 Base command: makecache
May 15 11:26:19 DEBUG_2 Extra commands: [u'timer']
May 15 11:26:19 DEBUG Making cache files for all metadata files.
May 15 11:26:19 DEBUG fedora: will expire after 74990 seconds.
May 15 11:26:19 DEBUG updates: metadata will expire after 10730 seconds and will be refreshed now
May 15 11:26:19 DEBUG repo: using cache for: fedora
May 15 11:26:19 DEBUG not found deltainfo for: Fedora 22 - x86_64
May 15 11:26:19 DEBUG not found updateinfo for: Fedora 22 - x86_64
May 15 11:26:19 DEBUG reviving: 'updates' can be revived.
May 15 11:26:19 DEBUG_2 timer: sack setup: 840 ms
May 15 11:26:19 INFO Metadata cache created.
May 15 11:26:19 DEBUG_2 Cleaning up.
May 15 12:26:48 INFO --- logging initialized ---
May 15 12:26:48 DDEBUG timer: config: 7 ms
May 15 12:26:48 DEBUG cachedir: /var/cache/dnf
May 15 12:26:49 DEBUG Loaded plugins: migrate
May 15 12:26:49 DEBUG DNF version: 1.1.6
May 15 12:26:49 DEBUG_2 Command: dnf -v makecache timer 
May 15 12:26:49 DEBUG_2 Installroot: /
May 15 12:26:49 DEBUG_2 Releasever: 22
May 15 12:26:49 DEBUG_2 Base command: makecache
May 15 12:26:49 DEBUG_2 Extra commands: [u'timer']
May 15 12:26:49 DEBUG Making cache files for all metadata files.
May 15 12:26:49 INFO Metadata cache refreshed recently.
May 15 12:26:49 DEBUG_2 Cleaning up.
May 15 13:27:18 INFO --- logging initialized ---
May 15 13:27:18 DDEBUG timer: config: 7 ms
May 15 13:27:18 DEBUG cachedir: /var/cache/dnf
May 15 13:27:19 DEBUG Loaded plugins: migrate
May 15 13:27:19 DEBUG DNF version: 1.1.6
May 15 13:27:19 DEBUG_2 Command: dnf -v makecache timer 
May 15 13:27:19 DEBUG_2 Installroot: /
May 15 13:27:19 DEBUG_2 Releasever: 22
May 15 13:27:19 DEBUG_2 Base command: makecache
May 15 13:27:19 DEBUG_2 Extra commands: [u'timer']
May 15 13:27:19 DEBUG Making cache files for all metadata files.
May 15 13:27:19 INFO Metadata cache refreshed recently.
May 15 13:27:19 DEBUG_2 Cleaning up.
May 15 14:27:58 INFO --- logging initialized ---
May 15 14:27:58 DDEBUG timer: config: 7 ms
May 15 14:27:58 DEBUG cachedir: /var/cache/dnf
May 15 14:27:59 DEBUG Loaded plugins: migrate
May 15 14:27:59 DEBUG DNF version: 1.1.6
May 15 14:27:59 DEBUG_2 Command: dnf -v makecache timer 
May 15 14:27:59 DEBUG_2 Installroot: /
May 15 14:27:59 DEBUG_2 Releasever: 22
May 15 14:27:59 DEBUG_2 Base command: makecache
May 15 14:27:59 DEBUG_2 Extra commands: [u'timer']
May 15 14:27:59 DEBUG Making cache files for all metadata files.
May 15 14:27:59 DEBUG fedora: will expire after 64090 seconds.
May 15 14:27:59 DEBUG updates: metadata will expire after 10700 seconds and will be refreshed now
May 15 14:27:59 DEBUG repo: using cache for: fedora
May 15 14:27:59 DEBUG not found deltainfo for: Fedora 22 - x86_64
May 15 14:27:59 DEBUG not found updateinfo for: Fedora 22 - x86_64
May 15 14:28:00 DEBUG reviving: 'updates' can be revived.
May 15 14:28:00 DEBUG_2 timer: sack setup: 1853 ms
May 15 14:28:00 INFO Metadata cache created.
May 15 14:28:00 DEBUG_2 Cleaning up.
May 15 15:28:18 INFO --- logging initialized ---
May 15 15:28:18 DDEBUG timer: config: 7 ms
May 15 15:28:18 DEBUG cachedir: /var/cache/dnf
May 15 15:28:19 DEBUG Loaded plugins: migrate
May 15 15:28:19 DEBUG DNF version: 1.1.6
May 15 15:28:19 DEBUG_2 Command: dnf -v makecache timer 
May 15 15:28:19 DEBUG_2 Installroot: /
May 15 15:28:19 DEBUG_2 Releasever: 22
May 15 15:28:19 DEBUG_2 Base command: makecache
May 15 15:28:19 DEBUG_2 Extra commands: [u'timer']
May 15 15:28:19 DEBUG Making cache files for all metadata files.
May 15 15:28:19 INFO Metadata cache refreshed recently.
May 15 15:28:19 DEBUG_2 Cleaning up.
May 15 16:28:58 INFO --- logging initialized ---
May 15 16:28:58 DDEBUG timer: config: 8 ms
May 15 16:28:58 DEBUG cachedir: /var/cache/dnf
May 15 16:28:59 DEBUG Loaded plugins: migrate
May 15 16:28:59 DEBUG DNF version: 1.1.6
May 15 16:28:59 DEBUG_2 Command: dnf -v makecache timer 
May 15 16:28:59 DEBUG_2 Installroot: /
May 15 16:28:59 DEBUG_2 Releasever: 22
May 15 16:28:59 DEBUG_2 Base command: makecache
May 15 16:28:59 DEBUG_2 Extra commands: [u'timer']
May 15 16:28:59 DEBUG Making cache files for all metadata files.
May 15 16:28:59 INFO Metadata cache refreshed recently.
May 15 16:28:59 DEBUG_2 Cleaning up.
May 15 17:29:08 INFO --- logging initialized ---
May 15 17:29:08 DDEBUG timer: config: 12 ms
May 15 17:29:08 DEBUG cachedir: /var/cache/dnf
May 15 17:29:09 DEBUG Loaded plugins: migrate
May 15 17:29:09 DEBUG DNF version: 1.1.6
May 15 17:29:09 DEBUG_2 Command: dnf -v makecache timer 
May 15 17:29:09 DEBUG_2 Installroot: /
May 15 17:29:09 DEBUG_2 Releasever: 22
May 15 17:29:09 DEBUG_2 Base command: makecache
May 15 17:29:09 DEBUG_2 Extra commands: [u'timer']
May 15 17:29:09 DEBUG Making cache files for all metadata files.
May 15 17:29:09 DEBUG fedora: will expire after 53220 seconds.
May 15 17:29:09 DEBUG updates: metadata will expire after 10731 seconds and will be refreshed now
May 15 17:29:09 DEBUG repo: using cache for: fedora
May 15 17:29:09 DEBUG not found deltainfo for: Fedora 22 - x86_64
May 15 17:29:09 DEBUG not found updateinfo for: Fedora 22 - x86_64
May 15 17:29:10 DEBUG reviving: 'updates' can be revived.
May 15 17:29:11 DEBUG_2 timer: sack setup: 1997 ms
May 15 17:29:11 INFO Metadata cache created.
May 15 17:29:11 DEBUG_2 Cleaning up.
May 15 18:29:18 INFO --- logging initialized ---
May 15 18:29:18 DDEBUG timer: config: 8 ms
May 15 18:29:18 DEBUG cachedir: /var/cache/dnf
May 15 18:29:19 DEBUG Loaded plugins: migrate
May 15 18:29:19 DEBUG DNF version: 1.1.6
May 15 18:29:19 DEBUG_2 Command: dnf -v makecache timer 
May 15 18:29:19 DEBUG_2 Installroot: /
May 15 18:29:19 DEBUG_2 Releasever: 22
May 15 18:29:19 DEBUG_2 Base command: makecache
May 15 18:29:19 DEBUG_2 Extra commands: [u'timer']
May 15 18:29:19 DEBUG Making cache files for all metadata files.
May 15 18:29:19 INFO Metadata cache refreshed recently.
May 15 18:29:19 DEBUG_2 Cleaning up.
May 15 19:29:58 INFO --- logging initialized ---
May 15 19:29:58 DDEBUG timer: config: 7 ms
May 15 19:29:58 DEBUG cachedir: /var/cache/dnf
May 15 19:29:59 DEBUG Loaded plugins: migrate
May 15 19:29:59 DEBUG DNF version: 1.1.6
May 15 19:29:59 DEBUG_2 Command: dnf -v makecache timer 
May 15 19:29:59 DEBUG_2 Installroot: /
May 15 19:29:59 DEBUG_2 Releasever: 22
May 15 19:29:59 DEBUG_2 Base command: makecache
May 15 19:29:59 DEBUG_2 Extra commands: [u'timer']
May 15 19:29:59 DEBUG Making cache files for all metadata files.
May 15 19:29:59 INFO Metadata cache refreshed recently.
May 15 19:29:59 DEBUG_2 Cleaning up.
May 15 20:30:18 INFO --- logging initialized ---
May 15 20:30:18 DDEBUG timer: config: 7 ms
May 15 20:30:18 DEBUG cachedir: /var/cache/dnf
May 15 20:30:19 DEBUG Loaded plugins: migrate
May 15 20:30:19 DEBUG DNF version: 1.1.6
May 15 20:30:19 DEBUG_2 Command: dnf -v makecache timer 
May 15 20:30:19 DEBUG_2 Installroot: /
May 15 20:30:19 DEBUG_2 Releasever: 22
May 15 20:30:19 DEBUG_2 Base command: makecache
May 15 20:30:19 DEBUG_2 Extra commands: [u'timer']
May 15 20:30:19 DEBUG Making cache files for all metadata files.
May 15 20:30:19 DEBUG fedora: will expire after 42350 seconds.
May 15 20:30:19 DEBUG updates: metadata will expire after 10731 seconds and will be refreshed now
May 15 20:30:19 DEBUG repo: using cache for: fedora
May 15 20:30:19 DEBUG not found deltainfo for: Fedora 22 - x86_64
May 15 20:30:19 DEBUG not found updateinfo for: Fedora 22 - x86_64
May 15 20:30:19 DEBUG reviving: 'updates' can be revived.
May 15 20:30:19 DEBUG_2 timer: sack setup: 663 ms
May 15 20:30:19 INFO Metadata cache created.
May 15 20:30:19 DEBUG_2 Cleaning up.
May 16 10:10:32 INFO --- logging initialized ---
May 16 10:10:32 DDEBUG timer: config: 11 ms
May 16 10:10:32 DEBUG cachedir: /var/cache/dnf
May 16 10:10:32 DEBUG Loaded plugins: migrate
May 16 10:10:32 DEBUG DNF version: 1.1.6
May 16 10:10:32 DEBUG_2 Command: dnf -v makecache timer 
May 16 10:10:32 DEBUG_2 Installroot: /
May 16 10:10:32 DEBUG_2 Releasever: 22
May 16 10:10:32 DEBUG_2 Base command: makecache
May 16 10:10:32 DEBUG_2 Extra commands: [u'timer']
May 16 10:10:32 DEBUG Making cache files for all metadata files.
May 16 10:10:32 DEBUG fedora: has expired and will be refreshed.
May 16 10:10:32 DEBUG updates: has expired and will be refreshed.
May 16 10:10:32 DEBUG_2 Cleaning up.
May 16 10:10:32 DEBUG_4 
Traceback (most recent call last):
  File "/usr/lib/python2.7/site-packages/dnf/cli/main.py", line 60, in main
    return _main(base, args)
  File "/usr/lib/python2.7/site-packages/dnf/cli/main.py", line 112, in _main
    cli.run()
  File "/usr/lib/python2.7/site-packages/dnf/cli/cli.py", line 1095, in run
    return self.command.run(self.base.extcmds)
  File "/usr/lib/python2.7/site-packages/dnf/cli/commands/makecache.py", line 89, in run
    self.base.fill_sack() # performs the md sync
  File "/usr/lib/python2.7/site-packages/dnf/base.py", line 256, in fill_sack
    self._add_repo_to_sack(r.id)
  File "/usr/lib/python2.7/site-packages/dnf/base.py", line 111, in _add_repo_to_sack
    repo.load()
  File "/usr/lib/python2.7/site-packages/dnf/repo.py", line 821, in load
    raise dnf.exceptions.RepoError(msg)
RepoError: Failed to synchronize cache for repo 'fedora' from 'https://mirrors.fedoraproject.org/metalink?repo=fedora-22&arch=x86_64': Cannot prepare internal mirrorlist: Curl error (6): Couldn't resolve host name for https://mirrors.fedoraproject.org/metalink?repo=fedora-22&arch=x86_64 [Could not resolve host: mirrors.fedoraproject.org]
May 16 10:10:32 CRITICAL Error: Failed to synchronize cache for repo 'fedora' from 'https://mirrors.fedoraproject.org/metalink?repo=fedora-22&arch=x86_64': Cannot prepare internal mirrorlist: Curl error (6): Couldn't resolve host name for https://mirrors.fedoraproject.org/metalink?repo=fedora-22&arch=x86_64 [Could not resolve host: mirrors.fedoraproject.org]
May 16 10:29:06 INFO --- logging initialized ---
May 16 10:29:06 DDEBUG timer: config: 8 ms
May 16 10:29:06 DEBUG cachedir: /var/cache/dnf
May 16 10:29:06 DEBUG Loaded plugins: migrate
May 16 10:29:06 DEBUG DNF version: 1.1.6
May 16 10:29:06 DEBUG_2 Command: dnf -v makecache timer 
May 16 10:29:06 DEBUG_2 Installroot: /
May 16 10:29:06 DEBUG_2 Releasever: 22
May 16 10:29:06 DEBUG_2 Base command: makecache
May 16 10:29:06 DEBUG_2 Extra commands: [u'timer']
May 16 10:29:06 DEBUG Making cache files for all metadata files.
May 16 10:29:06 INFO Metadata cache refreshed recently.
May 16 10:29:06 DEBUG_2 Cleaning up.
May 16 11:29:21 INFO --- logging initialized ---
May 16 11:29:21 DDEBUG timer: config: 7 ms
May 16 11:29:21 DEBUG cachedir: /var/cache/dnf
May 16 11:29:21 DEBUG Loaded plugins: migrate
May 16 11:29:21 DEBUG DNF version: 1.1.6
May 16 11:29:21 DEBUG_2 Command: dnf -v makecache timer 
May 16 11:29:21 DEBUG_2 Installroot: /
May 16 11:29:21 DEBUG_2 Releasever: 22
May 16 11:29:21 DEBUG_2 Base command: makecache
May 16 11:29:21 DEBUG_2 Extra commands: [u'timer']
May 16 11:29:21 DEBUG Making cache files for all metadata files.
May 16 11:29:21 INFO Metadata cache refreshed recently.
May 16 11:29:21 DEBUG_2 Cleaning up.
May 16 12:11:06 INFO --- logging initialized ---
May 16 12:11:06 DDEBUG timer: config: 7 ms
May 16 12:11:06 DEBUG cachedir: /var/cache/dnf
May 16 12:11:06 DEBUG Loaded plugins: migrate
May 16 12:11:06 DEBUG DNF version: 1.1.6
May 16 12:11:06 DEBUG_2 Command: dnf -v makecache timer 
May 16 12:11:06 DEBUG_2 Installroot: /
May 16 12:11:06 DEBUG_2 Releasever: 22
May 16 12:11:06 DEBUG_2 Base command: makecache
May 16 12:11:06 DEBUG_2 Extra commands: [u'timer']
May 16 12:11:06 DEBUG Making cache files for all metadata files.
May 16 12:11:06 INFO Metadata cache refreshed recently.
May 16 12:11:06 DEBUG_2 Cleaning up.
