Jan 26 08:26:11 test3 NET[304]: /usr/sbin/dhclient-script : updated /etc/resolv.conf
Jan 26 09:13:30 test4 NET[271]: /usr/sbin/dhclient-script : updated /etc/resolv.conf
Jan 27 05:23:59 test4 NET[275]: /usr/sbin/dhclient-script : updated /etc/resolv.conf
Jan 28 12:39:45 test4 NET[273]: /usr/sbin/dhclient-script : updated /etc/resolv.conf
Jan 28 13:40:22 test4 NET[275]: /usr/sbin/dhclient-script : updated /etc/resolv.conf
Jan 28 13:45:45 test4 NET[285]: /usr/sbin/dhclient-script : updated /etc/resolv.conf
Jan 28 15:07:55 test4 NET[279]: /usr/sbin/dhclient-script : updated /etc/resolv.conf
Jan 28 15:28:09 test4 NET[283]: /usr/sbin/dhclient-script : updated /etc/resolv.conf
Jan 28 15:33:42 test4 NET[283]: /usr/sbin/dhclient-script : updated /etc/resolv.conf
Jan 28 15:38:06 test4 NET[283]: /usr/sbin/dhclient-script : updated /etc/resolv.conf
Jan 31 14:18:53 test4 NET[280]: /usr/sbin/dhclient-script : updated /etc/resolv.conf
Jan 31 14:29:07 test4 NET[283]: /usr/sbin/dhclient-script : updated /etc/resolv.conf
Jan 31 14:40:43 test4 NET[280]: /usr/sbin/dhclient-script : updated /etc/resolv.conf
Jan 31 14:41:41 test4 NET[303]: /usr/sbin/dhclient-script : updated /etc/resolv.conf
Jan 31 14:47:22 test4 NET[591]: /usr/sbin/dhclient-script : updated /etc/resolv.conf
Jan 31 15:01:10 test4 NET[419]: /usr/sbin/dhclient-script : updated /etc/resolv.conf
Jan 31 18:16:27 test6 NET[624]: /usr/sbin/dhclient-script : updated /etc/resolv.conf
Jan 31 18:18:39 test6 NET[428]: /usr/sbin/dhclient-script : updated /etc/resolv.conf
Jan 31 22:32:24 test6 NET[410]: /usr/sbin/dhclient-script : updated /etc/resolv.conf
Jan 31 22:32:24 test6 NET[410]: /usr/sbin/dhclient-script : updated /etc/resolv.conf
Jan 31 22:43:49 test6 NET[413]: /usr/sbin/dhclient-script : updated /etc/resolv.conf
Jan 31 23:09:33 test6 NET[428]: /usr/sbin/dhclient-script : updated /etc/resolv.conf
Jan 31 23:20:34 test6 NET[433]: /usr/sbin/dhclient-script : updated /etc/resolv.conf
Jan 31 23:23:29 test6 NET[429]: /usr/sbin/dhclient-script : updated /etc/resolv.conf
Jan 31 23:28:27 test6 NET[429]: /usr/sbin/dhclient-script : updated /etc/resolv.conf
Jan 31 23:43:08 test6 NET[472]: /usr/sbin/dhclient-script : updated /etc/resolv.conf
Feb  1 11:11:56 test10 NET[427]: /usr/sbin/dhclient-script : updated /etc/resolv.conf
Feb  1 11:12:19 test10 NET[425]: /usr/sbin/dhclient-script : updated /etc/resolv.conf
Feb  1 11:45:27 test10 NET[420]: /usr/sbin/dhclient-script : updated /etc/resolv.conf
Feb  1 12:05:30 test10 NET[441]: /usr/sbin/dhclient-script : updated /etc/resolv.conf
Feb  1 13:14:10 test10 NET[430]: /usr/sbin/dhclient-script : updated /etc/resolv.conf
Feb  1 13:33:04 test10 NET[430]: /usr/sbin/dhclient-script : updated /etc/resolv.conf
Feb  1 13:57:40 test10 NET[382]: /usr/sbin/dhclient-script : updated /etc/resolv.conf
Feb  1 13:58:45 test10 NET[383]: /usr/sbin/dhclient-script : updated /etc/resolv.conf
Feb  1 14:10:18 test10 NET[381]: /usr/sbin/dhclient-script : updated /etc/resolv.conf
Feb  1 14:27:11 test10 NET[433]: /usr/sbin/dhclient-script : updated /etc/resolv.conf
Feb  2 13:44:33 test10 NET[420]: /usr/sbin/dhclient-script : updated /etc/resolv.conf
Feb  2 14:15:27 test10 NET[449]: /usr/sbin/dhclient-script : updated /etc/resolv.conf
Feb  2 14:17:48 test10 NET[379]: /usr/sbin/dhclient-script : updated /etc/resolv.conf
Feb  4 11:12:50 test10 NET[408]: /usr/sbin/dhclient-script : updated /etc/resolv.conf
Feb  4 13:34:08 test10 NET[421]: /usr/sbin/dhclient-script : updated /etc/resolv.conf
Feb 12 12:20:51 test10 NET[370]: /usr/sbin/dhclient-script : updated /etc/resolv.conf
Feb 12 13:24:53 test10 NET[372]: /usr/sbin/dhclient-script : updated /etc/resolv.conf
Feb 12 14:19:04 test10 NET[387]: /usr/sbin/dhclient-script : updated /etc/resolv.conf
Feb 15 22:18:59 test10 NET[390]: /usr/sbin/dhclient-script : updated /etc/resolv.conf
Feb 19 20:00:24 test10 NET[371]: /usr/sbin/dhclient-script : updated /etc/resolv.conf
Feb 20 17:37:03 test10 NET[438]: /usr/sbin/dhclient-script : updated /etc/resolv.conf
Feb 20 19:13:32 test10 NET[376]: /usr/sbin/dhclient-script : updated /etc/resolv.conf
Feb 22 11:13:09 test10 NET[432]: /usr/sbin/dhclient-script : updated /etc/resolv.conf
Feb 26 17:49:56 test10 NET[400]: /usr/sbin/dhclient-script : updated /etc/resolv.conf
Feb 26 18:12:14 test10 NET[406]: /usr/sbin/dhclient-script : updated /etc/resolv.conf
Feb 26 18:12:14 test10 NET[406]: /usr/sbin/dhclient-script : updated /etc/resolv.conf
Feb 26 19:22:33 test10 NET[328]: /usr/sbin/dhclient-script : updated /etc/resolv.conf
Mar 26 14:30:20 test10 NET[401]: /usr/sbin/dhclient-script : updated /etc/resolv.conf
Apr 15 22:10:48 test10 NET[432]: /usr/sbin/dhclient-script : updated /etc/resolv.conf
Mar 26 14:30:20 test10 NET[401]: /usr/sbin/dhclient-script : updated /etc/resolv.conf
Apr 15 22:10:48 test10 NET[432]: /usr/sbin/dhclient-script : updated /etc/resolv.conf
Apr 15 22:11:31 test10 NET[429]: /usr/sbin/dhclient-script : updated /etc/resolv.conf
May 16 10:10:42 lxc-yarn-img NET[421]: /usr/sbin/dhclient-script : updated /etc/resolv.conf
May 16 10:29:16 lxc-yarn-img NET[420]: /usr/sbin/dhclient-script : updated /etc/resolv.conf
May 16 12:11:16 lxc-yarn-img NET[425]: /usr/sbin/dhclient-script : updated /etc/resolv.conf
