INFO May-13 05:05:59 Started hawkey-0.6.2.
INFO May-13 05:05:59 Architecture is: x86_64
INFO May-13 05:05:59 using cached rpmdb (0x2a9f01d2e1adb28467270db3d57a91dc4f124e882905391c159a456caff03d19)
INFO May-13 05:05:59 using cached fedora (0x0c3ef6dec1c4b2c848f69698ae877d7b23e2d3d909a055cb37a86d1f82f023a2)
INFO May-13 05:05:59 load_ext: using cache file: /var/cache/dnf/fedora-filenames.solvx
ERROR May-13 05:05:59 load_ext(): no 2 string for fedora
INFO May-13 05:05:59 no presto metadata available for fedora
ERROR May-13 05:05:59 load_ext(): no 5 string for fedora
INFO May-13 05:05:59 no updateinfo available for fedora
INFO May-13 05:05:59 using cached updates (0xff5981930ba89390e4081ef06158fa3be2c20152eded6aacdc89afb7c11cb089)
INFO May-13 05:05:59 load_ext: using cache file: /var/cache/dnf/updates-filenames.solvx
INFO May-13 05:05:59 load_ext: using cache file: /var/cache/dnf/updates-presto.solvx
INFO May-13 05:05:59 load_ext: using cache file: /var/cache/dnf/updates-updateinfo.solvx
INFO May-13 08:06:39 Started hawkey-0.6.2.
INFO May-13 08:06:39 Architecture is: x86_64
INFO May-13 08:06:39 using cached rpmdb (0x2a9f01d2e1adb28467270db3d57a91dc4f124e882905391c159a456caff03d19)
INFO May-13 08:06:39 using cached fedora (0x0c3ef6dec1c4b2c848f69698ae877d7b23e2d3d909a055cb37a86d1f82f023a2)
INFO May-13 08:06:39 load_ext: using cache file: /var/cache/dnf/fedora-filenames.solvx
ERROR May-13 08:06:39 load_ext(): no 2 string for fedora
INFO May-13 08:06:39 no presto metadata available for fedora
ERROR May-13 08:06:39 load_ext(): no 5 string for fedora
INFO May-13 08:06:39 no updateinfo available for fedora
INFO May-13 08:06:39 using cached updates (0xff5981930ba89390e4081ef06158fa3be2c20152eded6aacdc89afb7c11cb089)
INFO May-13 08:06:39 load_ext: using cache file: /var/cache/dnf/updates-filenames.solvx
INFO May-13 08:06:39 load_ext: using cache file: /var/cache/dnf/updates-presto.solvx
INFO May-13 08:06:39 load_ext: using cache file: /var/cache/dnf/updates-updateinfo.solvx
INFO May-13 11:07:29 Started hawkey-0.6.2.
INFO May-13 11:07:29 Architecture is: x86_64
INFO May-13 11:07:29 using cached rpmdb (0x2a9f01d2e1adb28467270db3d57a91dc4f124e882905391c159a456caff03d19)
INFO May-13 11:07:29 using cached fedora (0x0c3ef6dec1c4b2c848f69698ae877d7b23e2d3d909a055cb37a86d1f82f023a2)
INFO May-13 11:07:29 load_ext: using cache file: /var/cache/dnf/fedora-filenames.solvx
ERROR May-13 11:07:29 load_ext(): no 2 string for fedora
INFO May-13 11:07:29 no presto metadata available for fedora
ERROR May-13 11:07:29 load_ext(): no 5 string for fedora
INFO May-13 11:07:29 no updateinfo available for fedora
INFO May-13 11:07:29 using cached updates (0xff5981930ba89390e4081ef06158fa3be2c20152eded6aacdc89afb7c11cb089)
INFO May-13 11:07:29 load_ext: using cache file: /var/cache/dnf/updates-filenames.solvx
INFO May-13 11:07:29 load_ext: using cache file: /var/cache/dnf/updates-presto.solvx
INFO May-13 11:07:29 load_ext: using cache file: /var/cache/dnf/updates-updateinfo.solvx
INFO May-13 14:08:39 Started hawkey-0.6.2.
INFO May-13 14:08:39 Architecture is: x86_64
INFO May-13 14:08:39 using cached rpmdb (0x2a9f01d2e1adb28467270db3d57a91dc4f124e882905391c159a456caff03d19)
INFO May-13 14:08:39 using cached fedora (0x0c3ef6dec1c4b2c848f69698ae877d7b23e2d3d909a055cb37a86d1f82f023a2)
INFO May-13 14:08:39 load_ext: using cache file: /var/cache/dnf/fedora-filenames.solvx
ERROR May-13 14:08:39 load_ext(): no 2 string for fedora
INFO May-13 14:08:39 no presto metadata available for fedora
ERROR May-13 14:08:39 load_ext(): no 5 string for fedora
INFO May-13 14:08:39 no updateinfo available for fedora
INFO May-13 14:08:39 using cached updates (0xff5981930ba89390e4081ef06158fa3be2c20152eded6aacdc89afb7c11cb089)
INFO May-13 14:08:39 load_ext: using cache file: /var/cache/dnf/updates-filenames.solvx
INFO May-13 14:08:39 load_ext: using cache file: /var/cache/dnf/updates-presto.solvx
INFO May-13 14:08:39 load_ext: using cache file: /var/cache/dnf/updates-updateinfo.solvx
INFO May-13 17:10:19 Started hawkey-0.6.2.
INFO May-13 17:10:19 Architecture is: x86_64
INFO May-13 17:10:19 using cached rpmdb (0x2a9f01d2e1adb28467270db3d57a91dc4f124e882905391c159a456caff03d19)
INFO May-13 17:10:19 using cached fedora (0x0c3ef6dec1c4b2c848f69698ae877d7b23e2d3d909a055cb37a86d1f82f023a2)
INFO May-13 17:10:19 load_ext: using cache file: /var/cache/dnf/fedora-filenames.solvx
ERROR May-13 17:10:19 load_ext(): no 2 string for fedora
INFO May-13 17:10:19 no presto metadata available for fedora
ERROR May-13 17:10:19 load_ext(): no 5 string for fedora
INFO May-13 17:10:19 no updateinfo available for fedora
INFO May-13 17:10:19 using cached updates (0xff5981930ba89390e4081ef06158fa3be2c20152eded6aacdc89afb7c11cb089)
INFO May-13 17:10:19 load_ext: using cache file: /var/cache/dnf/updates-filenames.solvx
INFO May-13 17:10:19 load_ext: using cache file: /var/cache/dnf/updates-presto.solvx
INFO May-13 17:10:19 load_ext: using cache file: /var/cache/dnf/updates-updateinfo.solvx
INFO May-13 20:11:59 Started hawkey-0.6.2.
INFO May-13 20:11:59 Architecture is: x86_64
INFO May-13 20:11:59 using cached rpmdb (0x2a9f01d2e1adb28467270db3d57a91dc4f124e882905391c159a456caff03d19)
INFO May-13 20:11:59 using cached fedora (0x0c3ef6dec1c4b2c848f69698ae877d7b23e2d3d909a055cb37a86d1f82f023a2)
INFO May-13 20:11:59 load_ext: using cache file: /var/cache/dnf/fedora-filenames.solvx
ERROR May-13 20:11:59 load_ext(): no 2 string for fedora
INFO May-13 20:11:59 no presto metadata available for fedora
ERROR May-13 20:11:59 load_ext(): no 5 string for fedora
INFO May-13 20:11:59 no updateinfo available for fedora
INFO May-13 20:11:59 using cached updates (0xff5981930ba89390e4081ef06158fa3be2c20152eded6aacdc89afb7c11cb089)
INFO May-13 20:11:59 load_ext: using cache file: /var/cache/dnf/updates-filenames.solvx
INFO May-13 20:11:59 load_ext: using cache file: /var/cache/dnf/updates-presto.solvx
INFO May-13 20:11:59 load_ext: using cache file: /var/cache/dnf/updates-updateinfo.solvx
INFO May-13 23:13:19 Started hawkey-0.6.2.
INFO May-13 23:13:19 Architecture is: x86_64
INFO May-13 23:13:19 using cached rpmdb (0x2a9f01d2e1adb28467270db3d57a91dc4f124e882905391c159a456caff03d19)
INFO May-13 23:13:19 using cached fedora (0x0c3ef6dec1c4b2c848f69698ae877d7b23e2d3d909a055cb37a86d1f82f023a2)
INFO May-13 23:13:19 load_ext: using cache file: /var/cache/dnf/fedora-filenames.solvx
ERROR May-13 23:13:19 load_ext(): no 2 string for fedora
INFO May-13 23:13:19 no presto metadata available for fedora
ERROR May-13 23:13:19 load_ext(): no 5 string for fedora
INFO May-13 23:13:19 no updateinfo available for fedora
INFO May-13 23:13:19 using cached updates (0xff5981930ba89390e4081ef06158fa3be2c20152eded6aacdc89afb7c11cb089)
INFO May-13 23:13:19 load_ext: using cache file: /var/cache/dnf/updates-filenames.solvx
INFO May-13 23:13:19 load_ext: using cache file: /var/cache/dnf/updates-presto.solvx
INFO May-13 23:13:19 load_ext: using cache file: /var/cache/dnf/updates-updateinfo.solvx
INFO May-14 02:14:19 Started hawkey-0.6.2.
INFO May-14 02:14:19 Architecture is: x86_64
INFO May-14 02:14:19 using cached rpmdb (0x2a9f01d2e1adb28467270db3d57a91dc4f124e882905391c159a456caff03d19)
INFO May-14 02:14:19 using cached fedora (0x0c3ef6dec1c4b2c848f69698ae877d7b23e2d3d909a055cb37a86d1f82f023a2)
INFO May-14 02:14:19 load_ext: using cache file: /var/cache/dnf/fedora-filenames.solvx
ERROR May-14 02:14:19 load_ext(): no 2 string for fedora
INFO May-14 02:14:19 no presto metadata available for fedora
ERROR May-14 02:14:19 load_ext(): no 5 string for fedora
INFO May-14 02:14:19 no updateinfo available for fedora
INFO May-14 02:14:19 using cached updates (0xff5981930ba89390e4081ef06158fa3be2c20152eded6aacdc89afb7c11cb089)
INFO May-14 02:14:19 load_ext: using cache file: /var/cache/dnf/updates-filenames.solvx
INFO May-14 02:14:19 load_ext: using cache file: /var/cache/dnf/updates-presto.solvx
INFO May-14 02:14:19 load_ext: using cache file: /var/cache/dnf/updates-updateinfo.solvx
INFO May-14 05:14:49 Started hawkey-0.6.2.
INFO May-14 05:14:49 Architecture is: x86_64
INFO May-14 05:14:49 using cached rpmdb (0x2a9f01d2e1adb28467270db3d57a91dc4f124e882905391c159a456caff03d19)
INFO May-14 05:14:49 using cached fedora (0x0c3ef6dec1c4b2c848f69698ae877d7b23e2d3d909a055cb37a86d1f82f023a2)
INFO May-14 05:14:49 load_ext: using cache file: /var/cache/dnf/fedora-filenames.solvx
ERROR May-14 05:14:49 load_ext(): no 2 string for fedora
INFO May-14 05:14:49 no presto metadata available for fedora
ERROR May-14 05:14:49 load_ext(): no 5 string for fedora
INFO May-14 05:14:49 no updateinfo available for fedora
INFO May-14 05:14:49 using cached updates (0xff5981930ba89390e4081ef06158fa3be2c20152eded6aacdc89afb7c11cb089)
INFO May-14 05:14:49 load_ext: using cache file: /var/cache/dnf/updates-filenames.solvx
INFO May-14 05:14:49 load_ext: using cache file: /var/cache/dnf/updates-presto.solvx
INFO May-14 05:14:49 load_ext: using cache file: /var/cache/dnf/updates-updateinfo.solvx
INFO May-14 08:16:09 Started hawkey-0.6.2.
INFO May-14 08:16:09 Architecture is: x86_64
INFO May-14 08:16:09 using cached rpmdb (0x2a9f01d2e1adb28467270db3d57a91dc4f124e882905391c159a456caff03d19)
INFO May-14 08:16:09 using cached fedora (0x0c3ef6dec1c4b2c848f69698ae877d7b23e2d3d909a055cb37a86d1f82f023a2)
INFO May-14 08:16:09 load_ext: using cache file: /var/cache/dnf/fedora-filenames.solvx
ERROR May-14 08:16:09 load_ext(): no 2 string for fedora
INFO May-14 08:16:09 no presto metadata available for fedora
ERROR May-14 08:16:09 load_ext(): no 5 string for fedora
INFO May-14 08:16:09 no updateinfo available for fedora
INFO May-14 08:16:10 using cached updates (0xff5981930ba89390e4081ef06158fa3be2c20152eded6aacdc89afb7c11cb089)
INFO May-14 08:16:10 load_ext: using cache file: /var/cache/dnf/updates-filenames.solvx
INFO May-14 08:16:10 load_ext: using cache file: /var/cache/dnf/updates-presto.solvx
INFO May-14 08:16:10 load_ext: using cache file: /var/cache/dnf/updates-updateinfo.solvx
INFO May-14 11:17:19 Started hawkey-0.6.2.
INFO May-14 11:17:19 Architecture is: x86_64
INFO May-14 11:17:19 using cached rpmdb (0x2a9f01d2e1adb28467270db3d57a91dc4f124e882905391c159a456caff03d19)
INFO May-14 11:17:19 using cached fedora (0x0c3ef6dec1c4b2c848f69698ae877d7b23e2d3d909a055cb37a86d1f82f023a2)
INFO May-14 11:17:19 load_ext: using cache file: /var/cache/dnf/fedora-filenames.solvx
ERROR May-14 11:17:19 load_ext(): no 2 string for fedora
INFO May-14 11:17:19 no presto metadata available for fedora
ERROR May-14 11:17:19 load_ext(): no 5 string for fedora
INFO May-14 11:17:19 no updateinfo available for fedora
INFO May-14 11:17:19 using cached updates (0xff5981930ba89390e4081ef06158fa3be2c20152eded6aacdc89afb7c11cb089)
INFO May-14 11:17:19 load_ext: using cache file: /var/cache/dnf/updates-filenames.solvx
INFO May-14 11:17:19 load_ext: using cache file: /var/cache/dnf/updates-presto.solvx
INFO May-14 11:17:19 load_ext: using cache file: /var/cache/dnf/updates-updateinfo.solvx
INFO May-14 14:18:36 Started hawkey-0.6.2.
INFO May-14 14:18:36 Architecture is: x86_64
INFO May-14 14:18:36 using cached rpmdb (0x2a9f01d2e1adb28467270db3d57a91dc4f124e882905391c159a456caff03d19)
INFO May-14 14:18:36 using cached fedora (0x0c3ef6dec1c4b2c848f69698ae877d7b23e2d3d909a055cb37a86d1f82f023a2)
INFO May-14 14:18:36 load_ext: using cache file: /var/cache/dnf/fedora-filenames.solvx
ERROR May-14 14:18:36 load_ext(): no 2 string for fedora
INFO May-14 14:18:36 no presto metadata available for fedora
ERROR May-14 14:18:36 load_ext(): no 5 string for fedora
INFO May-14 14:18:36 no updateinfo available for fedora
INFO May-14 14:18:36 using cached updates (0xff5981930ba89390e4081ef06158fa3be2c20152eded6aacdc89afb7c11cb089)
INFO May-14 14:18:37 load_ext: using cache file: /var/cache/dnf/updates-filenames.solvx
INFO May-14 14:18:37 load_ext: using cache file: /var/cache/dnf/updates-presto.solvx
INFO May-14 14:18:37 load_ext: using cache file: /var/cache/dnf/updates-updateinfo.solvx
INFO May-14 17:19:19 Started hawkey-0.6.2.
INFO May-14 17:19:19 Architecture is: x86_64
INFO May-14 17:19:19 using cached rpmdb (0x2a9f01d2e1adb28467270db3d57a91dc4f124e882905391c159a456caff03d19)
INFO May-14 17:19:19 using cached fedora (0x0c3ef6dec1c4b2c848f69698ae877d7b23e2d3d909a055cb37a86d1f82f023a2)
INFO May-14 17:19:19 load_ext: using cache file: /var/cache/dnf/fedora-filenames.solvx
ERROR May-14 17:19:19 load_ext(): no 2 string for fedora
INFO May-14 17:19:19 no presto metadata available for fedora
ERROR May-14 17:19:19 load_ext(): no 5 string for fedora
INFO May-14 17:19:19 no updateinfo available for fedora
INFO May-14 17:19:19 using cached updates (0xff5981930ba89390e4081ef06158fa3be2c20152eded6aacdc89afb7c11cb089)
INFO May-14 17:19:19 load_ext: using cache file: /var/cache/dnf/updates-filenames.solvx
INFO May-14 17:19:19 load_ext: using cache file: /var/cache/dnf/updates-presto.solvx
INFO May-14 17:19:19 load_ext: using cache file: /var/cache/dnf/updates-updateinfo.solvx
INFO May-14 20:20:59 Started hawkey-0.6.2.
INFO May-14 20:20:59 Architecture is: x86_64
INFO May-14 20:20:59 using cached rpmdb (0x2a9f01d2e1adb28467270db3d57a91dc4f124e882905391c159a456caff03d19)
INFO May-14 20:20:59 using cached fedora (0x0c3ef6dec1c4b2c848f69698ae877d7b23e2d3d909a055cb37a86d1f82f023a2)
INFO May-14 20:20:59 load_ext: using cache file: /var/cache/dnf/fedora-filenames.solvx
ERROR May-14 20:20:59 load_ext(): no 2 string for fedora
INFO May-14 20:20:59 no presto metadata available for fedora
ERROR May-14 20:20:59 load_ext(): no 5 string for fedora
INFO May-14 20:20:59 no updateinfo available for fedora
INFO May-14 20:21:00 using cached updates (0xff5981930ba89390e4081ef06158fa3be2c20152eded6aacdc89afb7c11cb089)
INFO May-14 20:21:00 load_ext: using cache file: /var/cache/dnf/updates-filenames.solvx
INFO May-14 20:21:00 load_ext: using cache file: /var/cache/dnf/updates-presto.solvx
INFO May-14 20:21:00 load_ext: using cache file: /var/cache/dnf/updates-updateinfo.solvx
INFO May-14 23:21:59 Started hawkey-0.6.2.
INFO May-14 23:21:59 Architecture is: x86_64
INFO May-14 23:21:59 using cached rpmdb (0x2a9f01d2e1adb28467270db3d57a91dc4f124e882905391c159a456caff03d19)
INFO May-14 23:21:59 using cached fedora (0x0c3ef6dec1c4b2c848f69698ae877d7b23e2d3d909a055cb37a86d1f82f023a2)
INFO May-14 23:21:59 load_ext: using cache file: /var/cache/dnf/fedora-filenames.solvx
ERROR May-14 23:21:59 load_ext(): no 2 string for fedora
INFO May-14 23:21:59 no presto metadata available for fedora
ERROR May-14 23:21:59 load_ext(): no 5 string for fedora
INFO May-14 23:21:59 no updateinfo available for fedora
INFO May-14 23:22:00 using cached updates (0xff5981930ba89390e4081ef06158fa3be2c20152eded6aacdc89afb7c11cb089)
INFO May-14 23:22:00 load_ext: using cache file: /var/cache/dnf/updates-filenames.solvx
INFO May-14 23:22:00 load_ext: using cache file: /var/cache/dnf/updates-presto.solvx
INFO May-14 23:22:01 load_ext: using cache file: /var/cache/dnf/updates-updateinfo.solvx
INFO May-15 02:22:59 Started hawkey-0.6.2.
INFO May-15 02:22:59 Architecture is: x86_64
INFO May-15 02:22:59 using cached rpmdb (0x2a9f01d2e1adb28467270db3d57a91dc4f124e882905391c159a456caff03d19)
INFO May-15 02:22:59 using cached fedora (0x0c3ef6dec1c4b2c848f69698ae877d7b23e2d3d909a055cb37a86d1f82f023a2)
INFO May-15 02:22:59 load_ext: using cache file: /var/cache/dnf/fedora-filenames.solvx
ERROR May-15 02:22:59 load_ext(): no 2 string for fedora
INFO May-15 02:22:59 no presto metadata available for fedora
ERROR May-15 02:22:59 load_ext(): no 5 string for fedora
INFO May-15 02:22:59 no updateinfo available for fedora
INFO May-15 02:23:00 using cached updates (0xff5981930ba89390e4081ef06158fa3be2c20152eded6aacdc89afb7c11cb089)
INFO May-15 02:23:00 load_ext: using cache file: /var/cache/dnf/updates-filenames.solvx
INFO May-15 02:23:00 load_ext: using cache file: /var/cache/dnf/updates-presto.solvx
INFO May-15 02:23:00 load_ext: using cache file: /var/cache/dnf/updates-updateinfo.solvx
INFO May-15 05:23:59 Started hawkey-0.6.2.
INFO May-15 05:23:59 Architecture is: x86_64
INFO May-15 05:23:59 using cached rpmdb (0x2a9f01d2e1adb28467270db3d57a91dc4f124e882905391c159a456caff03d19)
INFO May-15 05:23:59 using cached fedora (0x0c3ef6dec1c4b2c848f69698ae877d7b23e2d3d909a055cb37a86d1f82f023a2)
INFO May-15 05:23:59 load_ext: using cache file: /var/cache/dnf/fedora-filenames.solvx
ERROR May-15 05:23:59 load_ext(): no 2 string for fedora
INFO May-15 05:23:59 no presto metadata available for fedora
ERROR May-15 05:23:59 load_ext(): no 5 string for fedora
INFO May-15 05:23:59 no updateinfo available for fedora
INFO May-15 05:23:59 using cached updates (0xff5981930ba89390e4081ef06158fa3be2c20152eded6aacdc89afb7c11cb089)
INFO May-15 05:23:59 load_ext: using cache file: /var/cache/dnf/updates-filenames.solvx
INFO May-15 05:23:59 load_ext: using cache file: /var/cache/dnf/updates-presto.solvx
INFO May-15 05:23:59 load_ext: using cache file: /var/cache/dnf/updates-updateinfo.solvx
INFO May-15 08:25:09 Started hawkey-0.6.2.
INFO May-15 08:25:09 Architecture is: x86_64
INFO May-15 08:25:09 using cached rpmdb (0x2a9f01d2e1adb28467270db3d57a91dc4f124e882905391c159a456caff03d19)
INFO May-15 08:25:09 using cached fedora (0x0c3ef6dec1c4b2c848f69698ae877d7b23e2d3d909a055cb37a86d1f82f023a2)
INFO May-15 08:25:09 load_ext: using cache file: /var/cache/dnf/fedora-filenames.solvx
ERROR May-15 08:25:09 load_ext(): no 2 string for fedora
INFO May-15 08:25:09 no presto metadata available for fedora
ERROR May-15 08:25:09 load_ext(): no 5 string for fedora
INFO May-15 08:25:09 no updateinfo available for fedora
INFO May-15 08:25:09 using cached updates (0xff5981930ba89390e4081ef06158fa3be2c20152eded6aacdc89afb7c11cb089)
INFO May-15 08:25:09 load_ext: using cache file: /var/cache/dnf/updates-filenames.solvx
INFO May-15 08:25:09 load_ext: using cache file: /var/cache/dnf/updates-presto.solvx
INFO May-15 08:25:09 load_ext: using cache file: /var/cache/dnf/updates-updateinfo.solvx
INFO May-15 11:26:19 Started hawkey-0.6.2.
INFO May-15 11:26:19 Architecture is: x86_64
INFO May-15 11:26:19 using cached rpmdb (0x2a9f01d2e1adb28467270db3d57a91dc4f124e882905391c159a456caff03d19)
INFO May-15 11:26:19 using cached fedora (0x0c3ef6dec1c4b2c848f69698ae877d7b23e2d3d909a055cb37a86d1f82f023a2)
INFO May-15 11:26:19 load_ext: using cache file: /var/cache/dnf/fedora-filenames.solvx
ERROR May-15 11:26:19 load_ext(): no 2 string for fedora
INFO May-15 11:26:19 no presto metadata available for fedora
ERROR May-15 11:26:19 load_ext(): no 5 string for fedora
INFO May-15 11:26:19 no updateinfo available for fedora
INFO May-15 11:26:19 using cached updates (0xff5981930ba89390e4081ef06158fa3be2c20152eded6aacdc89afb7c11cb089)
INFO May-15 11:26:19 load_ext: using cache file: /var/cache/dnf/updates-filenames.solvx
INFO May-15 11:26:19 load_ext: using cache file: /var/cache/dnf/updates-presto.solvx
INFO May-15 11:26:19 load_ext: using cache file: /var/cache/dnf/updates-updateinfo.solvx
INFO May-15 14:27:59 Started hawkey-0.6.2.
INFO May-15 14:27:59 Architecture is: x86_64
INFO May-15 14:27:59 using cached rpmdb (0x2a9f01d2e1adb28467270db3d57a91dc4f124e882905391c159a456caff03d19)
INFO May-15 14:27:59 using cached fedora (0x0c3ef6dec1c4b2c848f69698ae877d7b23e2d3d909a055cb37a86d1f82f023a2)
INFO May-15 14:27:59 load_ext: using cache file: /var/cache/dnf/fedora-filenames.solvx
ERROR May-15 14:27:59 load_ext(): no 2 string for fedora
INFO May-15 14:27:59 no presto metadata available for fedora
ERROR May-15 14:27:59 load_ext(): no 5 string for fedora
INFO May-15 14:27:59 no updateinfo available for fedora
INFO May-15 14:28:00 using cached updates (0xff5981930ba89390e4081ef06158fa3be2c20152eded6aacdc89afb7c11cb089)
INFO May-15 14:28:00 load_ext: using cache file: /var/cache/dnf/updates-filenames.solvx
INFO May-15 14:28:00 load_ext: using cache file: /var/cache/dnf/updates-presto.solvx
INFO May-15 14:28:00 load_ext: using cache file: /var/cache/dnf/updates-updateinfo.solvx
INFO May-15 17:29:09 Started hawkey-0.6.2.
INFO May-15 17:29:09 Architecture is: x86_64
INFO May-15 17:29:09 using cached rpmdb (0x2a9f01d2e1adb28467270db3d57a91dc4f124e882905391c159a456caff03d19)
INFO May-15 17:29:09 using cached fedora (0x0c3ef6dec1c4b2c848f69698ae877d7b23e2d3d909a055cb37a86d1f82f023a2)
INFO May-15 17:29:09 load_ext: using cache file: /var/cache/dnf/fedora-filenames.solvx
ERROR May-15 17:29:09 load_ext(): no 2 string for fedora
INFO May-15 17:29:09 no presto metadata available for fedora
ERROR May-15 17:29:09 load_ext(): no 5 string for fedora
INFO May-15 17:29:09 no updateinfo available for fedora
INFO May-15 17:29:10 using cached updates (0xff5981930ba89390e4081ef06158fa3be2c20152eded6aacdc89afb7c11cb089)
INFO May-15 17:29:10 load_ext: using cache file: /var/cache/dnf/updates-filenames.solvx
INFO May-15 17:29:10 load_ext: using cache file: /var/cache/dnf/updates-presto.solvx
INFO May-15 17:29:10 load_ext: using cache file: /var/cache/dnf/updates-updateinfo.solvx
INFO May-15 20:30:19 Started hawkey-0.6.2.
INFO May-15 20:30:19 Architecture is: x86_64
INFO May-15 20:30:19 using cached rpmdb (0x2a9f01d2e1adb28467270db3d57a91dc4f124e882905391c159a456caff03d19)
INFO May-15 20:30:19 using cached fedora (0x0c3ef6dec1c4b2c848f69698ae877d7b23e2d3d909a055cb37a86d1f82f023a2)
INFO May-15 20:30:19 load_ext: using cache file: /var/cache/dnf/fedora-filenames.solvx
ERROR May-15 20:30:19 load_ext(): no 2 string for fedora
INFO May-15 20:30:19 no presto metadata available for fedora
ERROR May-15 20:30:19 load_ext(): no 5 string for fedora
INFO May-15 20:30:19 no updateinfo available for fedora
INFO May-15 20:30:19 using cached updates (0xff5981930ba89390e4081ef06158fa3be2c20152eded6aacdc89afb7c11cb089)
INFO May-15 20:30:19 load_ext: using cache file: /var/cache/dnf/updates-filenames.solvx
INFO May-15 20:30:19 load_ext: using cache file: /var/cache/dnf/updates-presto.solvx
INFO May-15 20:30:19 load_ext: using cache file: /var/cache/dnf/updates-updateinfo.solvx
INFO May-16 10:10:32 Started hawkey-0.6.2.
INFO May-16 10:10:32 Architecture is: x86_64
INFO May-16 10:10:32 fetching rpmdb
INFO May-16 10:10:32 caching repo: @System (0xcb8da127c2b7578cc144e3ee294746b038c79a67f4a58dc8d0df700936ad1ba6)
