Jan 22 19:53:33 Installed: libgcc-5.3.1-6.fc22.x86_64
Jan 22 19:53:33 Installed: setup-2.9.6-1.fc22.noarch
Jan 22 19:53:33 Installed: filesystem-3.2-32.fc22.x86_64
Jan 22 19:53:33 Installed: basesystem-10.0-10.fc21.noarch
Jan 22 19:53:34 Installed: tzdata-2016d-1.fc22.noarch
Jan 22 19:53:34 Installed: bind99-license-9.9.8-4.P4.fc22.noarch
Jan 22 19:53:34 Installed: libreport-filesystem-2.6.4-1.fc22.x86_64
Jan 22 19:53:34 Installed: dnf-conf-1.1.6-2.fc22.noarch
Jan 22 19:53:34 Installed: xkeyboard-config-2.14-1.fc22.noarch
Jan 22 19:53:34 Installed: ncurses-base-5.9-18.20150214.fc22.noarch
Jan 22 19:53:34 Installed: nss-softokn-freebl-3.23.0-1.0.fc22.x86_64
Jan 22 19:53:37 Installed: glibc-common-2.21-13.fc22.x86_64
Jan 22 19:53:40 Installed: glibc-2.21-13.fc22.x86_64
Jan 22 19:53:40 Installed: libstdc++-5.3.1-6.fc22.x86_64
Jan 22 19:53:40 Installed: ncurses-libs-5.9-18.20150214.fc22.x86_64
Jan 22 19:53:41 Installed: bash-4.3.42-3.fc22.x86_64
Jan 22 19:53:41 Installed: libsepol-2.3-4.fc22.x86_64
Jan 22 19:53:41 Installed: pcre-8.39-2.fc22.x86_64
Jan 22 19:53:41 Installed: libselinux-2.3-10.fc22.x86_64
Jan 22 19:53:41 Installed: zlib-1.2.8-7.fc22.x86_64
Jan 22 19:53:42 Installed: xz-libs-5.2.0-2.fc22.x86_64
Jan 22 19:53:42 Installed: info-5.2-9.fc22.x86_64
Jan 22 19:53:42 Installed: bzip2-libs-1.0.6-14.fc22.x86_64
Jan 22 19:53:42 Installed: libdb-5.3.28-12.fc22.x86_64
Jan 22 19:53:42 Installed: audit-libs-2.4.5-1.fc22.x86_64
Jan 22 19:53:43 Installed: popt-1.16-5.fc22.x86_64
Jan 22 19:53:43 Installed: libgpg-error-1.21-1.fc22.x86_64
Jan 22 19:53:43 Installed: nspr-4.12.0-1.fc22.x86_64
Jan 22 19:53:43 Installed: expat-2.1.1-2.fc22.x86_64
Jan 22 19:53:43 Installed: nss-util-3.23.0-1.0.fc22.x86_64
Jan 22 19:53:43 Installed: elfutils-libelf-0.166-1.fc22.x86_64
Jan 22 19:53:44 Installed: libattr-2.4.47-10.fc22.x86_64
Jan 22 19:53:44 Installed: libacl-2.2.52-7.fc22.x86_64
Jan 22 19:53:44 Installed: libcap-2.24-7.fc22.x86_64
Jan 22 19:53:44 Installed: sed-4.2.2-9.fc22.x86_64
Jan 22 19:53:44 Installed: grep-2.21-9.fc22.x86_64
Jan 22 19:53:45 Installed: libxml2-2.9.3-1.fc22.x86_64
Jan 22 19:53:45 Installed: libuuid-2.26.2-4.fc22.x86_64
Jan 22 19:53:45 Installed: libcom_err-1.42.12-4.fc22.x86_64
Jan 22 19:53:45 Installed: chkconfig-1.7-1.fc22.x86_64
Jan 22 19:53:45 Installed: libgcrypt-1.6.3-4.fc22.x86_64
Jan 22 19:53:46 Installed: gawk-4.1.1-6.fc22.x86_64
Jan 22 19:53:46 Installed: sqlite-libs-3.11.0-3.fc22.x86_64
Jan 22 19:53:46 Installed: libffi-3.1-7.fc22.x86_64
Jan 22 19:53:46 Installed: readline-6.3-5.fc22.x86_64
Jan 22 19:53:46 Installed: lua-5.3.3-1.fc22.x86_64
Jan 22 19:53:46 Installed: diffutils-3.3-9.fc22.x86_64
Jan 22 19:53:47 Installed: libidn-1.32-1.fc22.x86_64
Jan 22 19:53:47 Installed: libcap-ng-0.7.5-2.fc22.x86_64
Jan 22 19:53:47 Installed: p11-kit-0.23.1-2.fc22.x86_64
Jan 22 19:53:47 Installed: nss-softokn-3.23.0-1.0.fc22.x86_64
Jan 22 19:53:48 Installed: libsolv-0.6.14-2.fc22.x86_64
Jan 22 19:53:48 Installed: libassuan-2.4.2-1.fc22.x86_64
Jan 22 19:53:48 Installed: cpio-2.11-33.fc22.x86_64
Jan 22 19:53:48 Installed: kmod-libs-22-2.fc22.x86_64
Jan 22 19:53:48 Installed: kmod-22-2.fc22.x86_64
Jan 22 19:53:48 Installed: 1:dbus-libs-1.8.20-1.fc22.x86_64
Jan 22 19:53:48 Installed: keyutils-libs-1.5.9-4.fc22.x86_64
Jan 22 19:53:49 Installed: libnfnetlink-1.0.1-6.fc22.x86_64
Jan 22 19:53:49 Installed: hostname-3.15-4.fc22.x86_64
Jan 22 19:53:49 Installed: hawkey-0.6.2-2.fc22.x86_64
Jan 22 19:53:49 Installed: pinentry-0.9.2-1.fc22.x86_64
Jan 22 19:53:49 Installed: libcomps-0.1.6-14.fc22.x86_64
Jan 22 19:53:49 Installed: acl-2.2.52-7.fc22.x86_64
Jan 22 19:53:49 Installed: libmetalink-0.1.2-7.fc22.x86_64
Jan 22 19:53:50 Installed: libksba-1.3.4-1.fc22.x86_64
Jan 22 19:53:50 Installed: cyrus-sasl-lib-2.1.26-23.fc22.x86_64
Jan 22 19:53:50 Installed: libdb-utils-5.3.28-12.fc22.x86_64
Jan 22 19:53:50 Installed: 1:findutils-4.5.14-7.fc22.x86_64
Jan 22 19:53:50 Installed: file-libs-5.22-5.fc22.x86_64
Jan 22 19:53:50 Installed: libselinux-utils-2.3-10.fc22.x86_64
Jan 22 19:53:51 Installed: elfutils-default-yama-scope-0.166-1.fc22.noarch
Jan 22 19:53:51 Installed: elfutils-libs-0.166-1.fc22.x86_64
Jan 22 19:53:51 Installed: ncurses-5.9-18.20150214.fc22.x86_64
Jan 22 19:53:51 Installed: libedit-3.1-12.20150325cvs.fc22.x86_64
Jan 22 19:53:51 Installed: 1:gmp-6.0.0-9.fc22.x86_64
Jan 22 19:53:51 Installed: libestr-0.1.9-4.fc22.x86_64
Jan 22 19:53:51 Installed: npth-1.2-1.fc22.x86_64
Jan 22 19:53:52 Installed: ustr-1.0.4-18.fc22.x86_64
Jan 22 19:53:52 Installed: libsemanage-2.3-6.fc22.x86_64
Jan 22 19:53:52 Installed: liblogging-stdlog-1.0.4-4.fc22.x86_64
Jan 22 19:53:52 Installed: json-c-0.12-5.fc22.x86_64
Jan 22 19:53:52 Installed: libverto-0.2.6-4.fc22.x86_64
Jan 22 19:53:52 Installed: linux-atm-libs-2.5.1-11.fc22.x86_64
Jan 22 19:53:53 Installed: libxkbcommon-0.5.0-1.fc22.x86_64
Jan 22 19:53:53 Installed: gdbm-1.11-4.fc22.x86_64
Jan 22 19:53:53 Installed: libtasn1-4.8-1.fc22.x86_64
Jan 22 19:53:53 Installed: p11-kit-trust-0.23.1-2.fc22.x86_64
Jan 22 19:53:54 Installed: krb5-libs-1.13.2-15.fc22.x86_64
Jan 22 19:53:54 Installed: 1:openssl-libs-1.0.1k-15.fc22.x86_64
Jan 22 19:53:55 Installed: coreutils-8.23-11.fc22.x86_64
Jan 22 19:53:56 Installed: ca-certificates-2016.2.7-1.0.fc22.noarch
Jan 22 19:53:56 Installed: crypto-policies-20150305-2.git44afaa1.fc22.noarch
Jan 22 19:53:58 Installed: python-libs-2.7.10-10.fc22.x86_64
Jan 22 19:53:58 Installed: python-setuptools-17.1.1-3.fc22.noarch
Jan 22 19:53:58 Installed: python-pip-6.0.8-1.fc22.noarch
Jan 22 19:53:58 Installed: python-2.7.10-10.fc22.x86_64
Jan 22 19:53:59 Installed: 2:shadow-utils-4.2.1-1.fc22.x86_64
Jan 22 19:53:59 Installed: libblkid-2.26.2-4.fc22.x86_64
Jan 22 19:53:59 Installed: libmount-2.26.2-4.fc22.x86_64
Jan 22 19:53:59 Installed: pyliblzma-0.5.3-13.fc22.x86_64
Jan 22 19:53:59 Installed: libfdisk-2.26.2-4.fc22.x86_64
Jan 22 19:53:59 Installed: libutempter-1.1.6-6.fc22.x86_64
Jan 22 19:53:59 Installed: python-libcomps-0.1.6-14.fc22.x86_64
Jan 22 19:53:59 Installed: python-six-1.9.0-1.fc22.noarch
Jan 22 19:54:00 Installed: python-iniparse-0.4-15.fc22.noarch
Jan 22 19:54:00 Installed: python-hawkey-0.6.2-2.fc22.x86_64
Jan 22 19:54:00 Installed: pyxattr-0.5.3-4.fc22.x86_64
Jan 22 19:54:00 Installed: 1:pkgconfig-0.28-8.fc22.x86_64
Jan 22 19:54:00 Installed: glib2-2.44.1-2.fc22.x86_64
Jan 22 19:54:00 Installed: shared-mime-info-1.4-6.fc22.x86_64
Jan 22 19:54:01 Installed: yum-metadata-parser-1.1.4-14.fc22.x86_64
Jan 22 19:54:01 Installed: gzip-1.6-8.fc22.x86_64
Jan 22 19:54:01 Installed: cracklib-2.9.1-5.fc22.x86_64
Jan 22 19:54:01 Installed: cracklib-dicts-2.9.1-5.fc22.x86_64
Jan 22 19:54:02 Installed: libpwquality-1.2.4-3.fc22.x86_64
Jan 22 19:54:02 Installed: pam-1.1.8-19.fc22.x86_64
Jan 22 19:54:02 Installed: systemd-libs-219-27.fc22.x86_64
Jan 22 19:54:02 Installed: procps-ng-3.3.10-8.fc22.x86_64
Jan 22 19:54:03 Installed: logrotate-3.8.8-1.fc22.x86_64
Jan 22 19:54:03 Installed: nss-3.23.0-1.0.fc22.x86_64
Jan 22 19:54:03 Installed: nss-sysinit-3.23.0-1.0.fc22.x86_64
Jan 22 19:54:03 Installed: nss-tools-3.23.0-1.0.fc22.x86_64
Jan 22 19:54:03 Installed: openldap-2.4.40-12.fc22.x86_64
Jan 22 19:54:03 Installed: libuser-0.62-1.fc22.x86_64
Jan 22 19:54:04 Installed: gnupg2-2.1.11-1.fc22.x86_64
Jan 22 19:54:04 Installed: gpgme-1.4.3-5.fc22.x86_64
Jan 22 19:54:04 Installed: pygpgme-0.3-12.fc22.x86_64
Jan 22 19:54:04 Installed: 12:dhcp-libs-4.3.2-8.fc22.x86_64
Jan 22 19:54:05 Installed: fipscheck-lib-1.4.1-7.fc22.x86_64
Jan 22 19:54:05 Installed: fipscheck-1.4.1-7.fc22.x86_64
Jan 22 19:54:05 Installed: bind99-libs-9.9.8-4.P4.fc22.x86_64
Jan 22 19:54:05 Installed: libssh2-1.5.0-2.fc22.x86_64
Jan 22 19:54:05 Installed: libcurl-7.40.0-8.fc22.x86_64
Jan 22 19:54:05 Installed: curl-7.40.0-8.fc22.x86_64
Jan 22 19:54:06 Installed: librepo-1.7.16-1.fc22.x86_64
Jan 22 19:54:06 Installed: python-librepo-1.7.16-1.fc22.x86_64
Jan 22 19:54:06 Installed: python-pycurl-7.19.5.1-3.fc22.x86_64
Jan 22 19:54:06 Installed: python-urlgrabber-3.10.1-6.fc22.noarch
Jan 22 19:54:06 Installed: libseccomp-2.2.3-0.fc22.x86_64
Jan 22 19:54:06 Installed: tcp_wrappers-libs-7.6-80.fc22.x86_64
Jan 22 19:54:06 Installed: lzo-2.08-3.fc22.x86_64
Jan 22 19:54:06 Installed: libarchive-3.1.2-14.fc22.x86_64
Jan 22 19:54:06 Installed: rpm-plugin-selinux-4.12.0.1-17.fc22.x86_64
Jan 22 19:54:07 Installed: rpm-libs-4.12.0.1-17.fc22.x86_64
Jan 22 19:54:07 Installed: rpm-4.12.0.1-17.fc22.x86_64
Jan 22 19:54:07 Installed: deltarpm-3.6-8.fc22.x86_64
Jan 22 19:54:07 Installed: rpm-plugin-systemd-inhibit-4.12.0.1-17.fc22.x86_64
Jan 22 19:54:07 Installed: rpm-build-libs-4.12.0.1-17.fc22.x86_64
Jan 22 19:54:07 Installed: rpm-python-4.12.0.1-17.fc22.x86_64
Jan 22 19:54:07 Installed: python-dnf-1.1.6-2.fc22.noarch
Jan 22 19:54:07 Installed: python-dnf-plugins-extras-common-0.0.11-1.fc22.noarch
Jan 22 19:54:07 Installed: libmnl-1.0.3-9.fc22.x86_64
Jan 22 19:54:08 Installed: libnetfilter_conntrack-1.0.4-4.fc22.x86_64
Jan 22 19:54:08 Installed: iptables-1.4.21-14.fc22.x86_64
Jan 22 19:54:08 Installed: iproute-3.16.0-4.fc22.x86_64
Jan 22 19:54:08 Installed: qrencode-libs-3.4.2-4.fc22.x86_64
Jan 22 19:54:08 Installed: libsmartcols-2.26.2-4.fc22.x86_64
Jan 22 19:54:09 Installed: util-linux-2.26.2-4.fc22.x86_64
Jan 22 19:54:09 Installed: openssh-6.9p1-12.fc22.x86_64
Jan 22 19:54:09 Installed: device-mapper-1.02.93-3.fc22.x86_64
Jan 22 19:54:09 Installed: device-mapper-libs-1.02.93-3.fc22.x86_64
Jan 22 19:54:10 Installed: cryptsetup-libs-1.6.8-2.fc22.x86_64
Jan 22 19:54:12 Installed: systemd-219-27.fc22.x86_64
Jan 22 19:54:12 Installed: 1:dbus-1.8.20-1.fc22.x86_64
Jan 22 19:54:12 Installed: iputils-20140519-4.fc22.x86_64
Jan 22 19:54:12 Installed: initscripts-9.62-1.fc22.x86_64
Jan 22 19:54:13 Installed: dnf-1.1.6-2.fc22.noarch
Jan 22 19:54:13 Installed: dnf-yum-1.1.6-2.fc22.noarch
Jan 22 19:54:13 Installed: python-dnf-plugins-extras-migrate-0.0.11-1.fc22.noarch
Jan 22 19:54:13 Installed: yum-3.4.3-505.fc22.noarch
Jan 22 19:54:13 Installed: 12:dhcp-common-4.3.2-8.fc22.noarch
Jan 22 19:54:13 Installed: 12:dhcp-client-4.3.2-8.fc22.x86_64
Jan 22 19:54:14 Installed: openssh-server-6.9p1-12.fc22.x86_64
Jan 22 19:54:14 Installed: rsyslog-8.8.0-3.fc22.x86_64
Jan 22 19:54:14 Installed: openssh-clients-6.9p1-12.fc22.x86_64
Jan 22 19:54:14 Installed: policycoreutils-2.3-18.fc22.x86_64
Jan 22 19:54:14 Installed: passwd-0.79-5.fc22.x86_64
Jan 22 19:54:14 Installed: 2:vim-minimal-7.4.1868-1.fc22.x86_64
Jan 22 19:54:14 Updated: fedora-repos-22-2.noarch
Jan 22 19:54:14 Installed: rootfiles-8.1-17.fc21.noarch
